0 verbose cli /Users/lukaijie/.nvm/versions/node/v16.16.0/bin/node /Users/lukaijie/.nvm/versions/node/v16.16.0/bin/npm
1 info using npm@8.11.0
2 info using node@v16.16.0
3 timing npm:load:whichnode Completed in 0ms
4 timing config:load:defaults Completed in 3ms
5 timing config:load:file:/Users/lukaijie/.nvm/versions/node/v16.16.0/lib/node_modules/npm/npmrc Completed in 1ms
6 timing config:load:builtin Completed in 2ms
7 timing config:load:cli Completed in 1ms
8 timing config:load:env Completed in 0ms
9 timing config:load:file:/Users/lukaijie/workspace/work/shopex/smallP/ecshopx-platform/ecshopx-admin/.npmrc Completed in 2ms
10 timing config:load:project Completed in 10ms
11 timing config:load:file:/Users/lukaijie/.npmrc Completed in 2ms
12 timing config:load:user Completed in 2ms
13 timing config:load:file:/Users/lukaijie/.nvm/versions/node/v16.16.0/etc/npmrc Completed in 0ms
14 timing config:load:global Completed in 0ms
15 timing config:load:validate Completed in 1ms
16 timing config:load:credentials Completed in 0ms
17 timing config:load:setEnvs Completed in 1ms
18 timing config:load Completed in 26ms
19 timing npm:load:configload Completed in 27ms
20 timing npm:load:mkdirpcache Completed in 1ms
21 timing npm:load:mkdirplogs Completed in 1ms
22 verbose title npm install svg-sprite-loader svgo svgo-loader@2.2.1
23 verbose argv "install" "--save-dev" "svg-sprite-loader" "svgo" "svgo-loader@2.2.1"
24 timing npm:load:setTitle Completed in 7ms
25 timing config:load:flatten Completed in 3ms
26 timing npm:load:display Completed in 6ms
27 verbose logfile logs-max:10 dir:/Users/lukaijie/workspace/work/shopex/smallP/ecshopx-platform/ecshopx-admin/.npm-cache/_logs
28 verbose logfile /Users/lukaijie/workspace/work/shopex/smallP/ecshopx-platform/ecshopx-admin/.npm-cache/_logs/2025-06-02T13_45_24_207Z-debug-0.log
29 timing npm:load:logFile Completed in 8ms
30 timing npm:load:timers Completed in 0ms
31 timing npm:load:configScope Completed in 0ms
32 timing npm:load Completed in 52ms
33 timing arborist:ctor Completed in 1ms
34 silly logfile start cleaning logs, removing 1 files
35 silly logfile done cleaning log files
36 timing idealTree:init Completed in 1098ms
37 timing idealTree:userRequests Completed in 14ms
38 silly idealTree buildDeps
39 silly fetch manifest svg-sprite-loader@^6.0.11
40 http fetch GET 200 https://registry.npmmirror.com/svg-sprite-loader 85ms (cache stale)
41 silly fetch manifest svgo@*
42 timing arborist:ctor Completed in 0ms
43 http fetch GET 200 https://registry.npmmirror.com/svgo 598ms (cache stale)
44 silly fetch manifest svgo-loader@2.2.1
45 http fetch GET 200 https://registry.npmmirror.com/svgo-loader 233ms (cache miss)
46 silly fetch manifest svgo@^1.0.0
47 silly placeDep ROOT svg-sprite-loader@6.0.11 REPLACE for: ecshopx-admin@3.21.0 want: ^6.0.11
48 silly placeDep ROOT svgo@3.3.2 REPLACE for: ecshopx-admin@3.21.0 want: *
49 timing idealTree Completed in 2100ms
50 timing command:install Completed in 2114ms
51 verbose stack Error: could not resolve
51 verbose stack     at PlaceDep.failPeerConflict (/Users/lukaijie/.nvm/versions/node/v16.16.0/lib/node_modules/npm/node_modules/@npmcli/arborist/lib/place-dep.js:549:25)
51 verbose stack     at PlaceDep.place (/Users/lukaijie/.nvm/versions/node/v16.16.0/lib/node_modules/npm/node_modules/@npmcli/arborist/lib/place-dep.js:199:21)
51 verbose stack     at new PlaceDep (/Users/lukaijie/.nvm/versions/node/v16.16.0/lib/node_modules/npm/node_modules/@npmcli/arborist/lib/place-dep.js:73:10)
51 verbose stack     at /Users/lukaijie/.nvm/versions/node/v16.16.0/lib/node_modules/npm/node_modules/@npmcli/arborist/lib/arborist/build-ideal-tree.js:990:31
51 verbose stack     at Array.map (<anonymous>)
51 verbose stack     at Arborist.[buildDepStep] (/Users/lukaijie/.nvm/versions/node/v16.16.0/lib/node_modules/npm/node_modules/@npmcli/arborist/lib/arborist/build-ideal-tree.js:990:8)
51 verbose stack     at async Arborist.buildIdealTree (/Users/lukaijie/.nvm/versions/node/v16.16.0/lib/node_modules/npm/node_modules/@npmcli/arborist/lib/arborist/build-ideal-tree.js:218:7)
51 verbose stack     at async Promise.all (index 1)
51 verbose stack     at async Arborist.reify (/Users/lukaijie/.nvm/versions/node/v16.16.0/lib/node_modules/npm/node_modules/@npmcli/arborist/lib/arborist/reify.js:153:5)
51 verbose stack     at async Install.exec (/Users/lukaijie/.nvm/versions/node/v16.16.0/lib/node_modules/npm/lib/commands/install.js:156:5)
52 verbose cwd /Users/lukaijie/workspace/work/shopex/smallP/ecshopx-platform/ecshopx-admin
53 verbose Darwin 24.4.0
54 verbose node v16.16.0
55 verbose npm  v8.11.0
56 error code ERESOLVE
57 error ERESOLVE could not resolve
58 error
59 error While resolving: [1mecshopx-admin[22m@[1m3.21.0[22m
59 error Found: [1msvgo[22m@[1m3.3.2[22m[2m[22m
59 error [2mnode_modules/svgo[22m
59 error   [33mdev[39m [1msvgo[22m@"[1m*[22m" from the root project
59 error   [1msvgo[22m@"[1m^3.3.2[22m" from [1mpostcss-svgo[22m@[1m7.0.2[22m[2m[22m
59 error   [2mnode_modules/css-minimizer-webpack-plugin/node_modules/postcss-svgo[22m
59 error     [1mpostcss-svgo[22m@"[1m^7.0.2[22m" from [1mcssnano-preset-default[22m@[1m7.0.7[22m[2m[22m
59 error     [2mnode_modules/css-minimizer-webpack-plugin/node_modules/cssnano-preset-default[22m
59 error       [1mcssnano-preset-default[22m@"[1m^7.0.7[22m" from [1mcssnano[22m@[1m7.0.7[22m[2m[22m
59 error       [2mnode_modules/css-minimizer-webpack-plugin/node_modules/cssnano[22m
59 error         [1mcssnano[22m@"[1m^7.0.4[22m" from [1mcss-minimizer-webpack-plugin[22m@[1m7.0.2[22m[2m[22m
59 error         [2mnode_modules/css-minimizer-webpack-plugin[22m
59 error
59 error Could not resolve dependency:
59 error [33mdev[39m [1msvgo-loader[22m@"[1m2.2.1[22m" from the root project
59 error
59 error Conflicting peer dependency: [1msvgo[22m@[1m1.3.2[22m[2m[22m
59 error [2mnode_modules/svgo[22m
59 error   [35mpeer[39m [1msvgo[22m@"[1m^1.0.0[22m" from [1msvgo-loader[22m@[1m2.2.1[22m[2m[22m
59 error   [2mnode_modules/svgo-loader[22m
59 error     [33mdev[39m [1msvgo-loader[22m@"[1m2.2.1[22m" from the root project
59 error
59 error Fix the upstream dependency conflict, or retry
59 error this command with --force, or --legacy-peer-deps
59 error to accept an incorrect (and potentially broken) dependency resolution.
59 error
59 error See /Users/lukaijie/workspace/work/shopex/smallP/ecshopx-platform/ecshopx-admin/.npm-cache/eresolve-report.txt for a full report.
60 verbose exit 1
61 timing npm Completed in 2215ms
62 verbose unfinished npm timer reify 1748871924304
63 verbose unfinished npm timer reify:loadTrees 1748871924313
64 verbose unfinished npm timer idealTree:buildDeps 1748871925427
65 verbose unfinished npm timer idealTree:#root 1748871925427
66 verbose code 1
67 error A complete log of this run can be found in:
67 error     /Users/lukaijie/workspace/work/shopex/smallP/ecshopx-platform/ecshopx-admin/.npm-cache/_logs/2025-06-02T13_45_24_207Z-debug-0.log
