0 verbose cli /Users/lukaijie/.nvm/versions/node/v16.16.0/bin/node /Users/lukaijie/.nvm/versions/node/v16.16.0/bin/npm
1 info using npm@8.11.0
2 info using node@v16.16.0
3 timing npm:load:whichnode Completed in 0ms
4 timing config:load:defaults Completed in 3ms
5 timing config:load:file:/Users/lukaijie/.nvm/versions/node/v16.16.0/lib/node_modules/npm/npmrc Completed in 0ms
6 timing config:load:builtin Completed in 1ms
7 timing config:load:cli Completed in 1ms
8 timing config:load:env Completed in 1ms
9 timing config:load:file:/Users/lukaijie/workspace/work/shopex/smallP/ecshopx-platform/ecshopx-admin/.npmrc Completed in 2ms
10 timing config:load:project Completed in 10ms
11 timing config:load:file:/Users/lukaijie/.npmrc Completed in 2ms
12 timing config:load:user Completed in 3ms
13 timing config:load:file:/Users/lukaijie/.nvm/versions/node/v16.16.0/etc/npmrc Completed in 0ms
14 timing config:load:global Completed in 1ms
15 timing config:load:validate Completed in 0ms
16 timing config:load:credentials Completed in 1ms
17 timing config:load:setEnvs Completed in 1ms
18 timing config:load Completed in 25ms
19 timing npm:load:configload Completed in 25ms
20 timing npm:load:mkdirpcache Completed in 1ms
21 timing npm:load:mkdirplogs Completed in 0ms
22 verbose title npm run dev:b2b2c
23 verbose argv "run" "dev:b2b2c"
24 timing npm:load:setTitle Completed in 6ms
25 timing config:load:flatten Completed in 4ms
26 timing npm:load:display Completed in 6ms
27 verbose logfile logs-max:10 dir:/Users/lukaijie/workspace/work/shopex/smallP/ecshopx-platform/ecshopx-admin/.npm-cache/_logs
28 verbose logfile /Users/lukaijie/workspace/work/shopex/smallP/ecshopx-platform/ecshopx-admin/.npm-cache/_logs/2025-05-30T14_42_00_019Z-debug-0.log
29 timing npm:load:logFile Completed in 8ms
30 timing npm:load:timers Completed in 0ms
31 timing npm:load:configScope Completed in 0ms
32 timing npm:load Completed in 50ms
33 silly logfile start cleaning logs, removing 1 files
34 silly logfile done cleaning log files
35 timing command:run Completed in 9ms
36 verbose stack Error: Missing script: "dev:b2b2c"
36 verbose stack
36 verbose stack Did you mean one of these?
36 verbose stack     npm run dev:bbc # run the "dev:bbc" package script
36 verbose stack     npm run dev:b2c # run the "dev:b2c" package script
36 verbose stack
36 verbose stack To see a list of scripts, run:
36 verbose stack   npm run
36 verbose stack     at RunScript.run (/Users/lukaijie/.nvm/versions/node/v16.16.0/lib/node_modules/npm/lib/commands/run-script.js:97:13)
36 verbose stack     at async module.exports (/Users/lukaijie/.nvm/versions/node/v16.16.0/lib/node_modules/npm/lib/cli.js:78:5)
37 verbose cwd /Users/lukaijie/workspace/work/shopex/smallP/ecshopx-platform/ecshopx-admin
38 verbose Darwin 24.4.0
39 verbose node v16.16.0
40 verbose npm  v8.11.0
41 error Missing script: "dev:b2b2c"
41 error
41 error Did you mean one of these?
41 error     npm run dev:bbc # run the "dev:bbc" package script
41 error     npm run dev:b2c # run the "dev:b2c" package script
41 error
41 error To see a list of scripts, run:
41 error   npm run
42 verbose exit 1
43 timing npm Completed in 73ms
44 verbose code 1
45 error A complete log of this run can be found in:
45 error     /Users/lukaijie/workspace/work/shopex/smallP/ecshopx-platform/ecshopx-admin/.npm-cache/_logs/2025-05-30T14_42_00_019Z-debug-0.log
