0 verbose cli /Users/lukaijie/.nvm/versions/node/v16.16.0/bin/node /Users/lukaijie/.nvm/versions/node/v16.16.0/bin/npm
1 info using npm@8.11.0
2 info using node@v16.16.0
3 timing npm:load:whichnode Completed in 0ms
4 timing config:load:defaults Completed in 3ms
5 timing config:load:file:/Users/lukaijie/.nvm/versions/node/v16.16.0/lib/node_modules/npm/npmrc Completed in 1ms
6 timing config:load:builtin Completed in 1ms
7 timing config:load:cli Completed in 1ms
8 timing config:load:env Completed in 1ms
9 timing config:load:file:/Users/lukaijie/workspace/work/shopex/smallP/ecshopx-platform/ecshopx-admin/.npmrc Completed in 3ms
10 timing config:load:project Completed in 10ms
11 timing config:load:file:/Users/lukaijie/.npmrc Completed in 1ms
12 timing config:load:user Completed in 2ms
13 timing config:load:file:/Users/lukaijie/.nvm/versions/node/v16.16.0/etc/npmrc Completed in 1ms
14 timing config:load:global Completed in 1ms
15 timing config:load:validate Completed in 1ms
16 timing config:load:credentials Completed in 1ms
17 timing config:load:setEnvs Completed in 1ms
18 timing config:load Completed in 26ms
19 timing npm:load:configload Completed in 26ms
20 timing npm:load:mkdirpcache Completed in 1ms
21 timing npm:load:mkdirplogs Completed in 1ms
22 verbose title npm completion
23 verbose argv "completion" "--" ""
24 timing npm:load:setTitle Completed in 7ms
25 timing config:load:flatten Completed in 3ms
26 timing npm:load:display Completed in 5ms
27 verbose logfile logs-max:10 dir:/Users/lukaijie/workspace/work/shopex/smallP/ecshopx-platform/ecshopx-admin/.npm-cache/_logs
28 verbose logfile /Users/lukaijie/workspace/work/shopex/smallP/ecshopx-platform/ecshopx-admin/.npm-cache/_logs/2025-06-02T13_30_40_495Z-debug-0.log
29 timing npm:load:logFile Completed in 7ms
30 timing npm:load:timers Completed in 1ms
31 timing npm:load:configScope Completed in 0ms
32 timing npm:load Completed in 50ms
33 timing command:completion Completed in 2ms
34 verbose exit 0
35 timing npm Completed in 61ms
36 info ok
