0 verbose cli /Users/lukaijie/.nvm/versions/node/v16.16.0/bin/node /Users/lukaijie/.nvm/versions/node/v16.16.0/bin/npm
1 info using npm@8.11.0
2 info using node@v16.16.0
3 timing npm:load:whichnode Completed in 1ms
4 timing config:load:defaults Completed in 3ms
5 timing config:load:file:/Users/lukaijie/.nvm/versions/node/v16.16.0/lib/node_modules/npm/npmrc Completed in 1ms
6 timing config:load:builtin Completed in 1ms
7 timing config:load:cli Completed in 2ms
8 timing config:load:env Completed in 1ms
9 timing config:load:file:/Users/lukaijie/workspace/work/shopex/smallP/ecshopx-platform/ecshopx-admin/.npmrc Completed in 2ms
10 timing config:load:project Completed in 8ms
11 timing config:load:file:/Users/lukaijie/.npmrc Completed in 2ms
12 timing config:load:user Completed in 3ms
13 timing config:load:file:/Users/lukaijie/.nvm/versions/node/v16.16.0/etc/npmrc Completed in 0ms
14 timing config:load:global Completed in 1ms
15 timing config:load:validate Completed in 0ms
16 timing config:load:credentials Completed in 1ms
17 timing config:load:setEnvs Completed in 1ms
18 timing config:load Completed in 25ms
19 timing npm:load:configload Completed in 26ms
20 timing npm:load:mkdirpcache Completed in 0ms
21 timing npm:load:mkdirplogs Completed in 0ms
22 verbose title npm uninstall lucide-vue
23 verbose argv "uninstall" "lucide-vue" "--save"
24 timing npm:load:setTitle Completed in 7ms
25 timing config:load:flatten Completed in 4ms
26 timing npm:load:display Completed in 6ms
27 verbose logfile logs-max:10 dir:/Users/lukaijie/workspace/work/shopex/smallP/ecshopx-platform/ecshopx-admin/.npm-cache/_logs
28 verbose logfile /Users/lukaijie/workspace/work/shopex/smallP/ecshopx-platform/ecshopx-admin/.npm-cache/_logs/2025-06-02T13_30_56_981Z-debug-0.log
29 timing npm:load:logFile Completed in 8ms
30 timing npm:load:timers Completed in 0ms
31 timing npm:load:configScope Completed in 0ms
32 timing npm:load Completed in 53ms
33 timing arborist:ctor Completed in 0ms
34 silly logfile start cleaning logs, removing 2 files
35 silly logfile done cleaning log files
36 timing idealTree:init Completed in 943ms
37 timing idealTree:userRequests Completed in 11ms
38 silly idealTree buildDeps
39 timing idealTree:#root Completed in 1ms
40 timing idealTree:buildDeps Completed in 1ms
41 timing idealTree:fixDepFlags Completed in 13ms
42 warn EBADENGINE Unsupported engine {
42 warn EBADENGINE   package: 'compression-webpack-plugin@11.1.0',
42 warn EBADENGINE   required: { node: '>= 18.12.0' },
42 warn EBADENGINE   current: { node: 'v16.16.0', npm: '8.11.0' }
42 warn EBADENGINE }
43 warn EBADENGINE Unsupported engine {
43 warn EBADENGINE   package: 'css-minimizer-webpack-plugin@7.0.2',
43 warn EBADENGINE   required: { node: '>= 18.12.0' },
43 warn EBADENGINE   current: { node: 'v16.16.0', npm: '8.11.0' }
43 warn EBADENGINE }
44 warn EBADENGINE Unsupported engine {
44 warn EBADENGINE   package: 'cssnano@7.0.7',
44 warn EBADENGINE   required: { node: '^18.12.0 || ^20.9.0 || >=22.0' },
44 warn EBADENGINE   current: { node: 'v16.16.0', npm: '8.11.0' }
44 warn EBADENGINE }
45 warn EBADENGINE Unsupported engine {
45 warn EBADENGINE   package: 'cssnano-preset-default@7.0.7',
45 warn EBADENGINE   required: { node: '^18.12.0 || ^20.9.0 || >=22.0' },
45 warn EBADENGINE   current: { node: 'v16.16.0', npm: '8.11.0' }
45 warn EBADENGINE }
46 warn EBADENGINE Unsupported engine {
46 warn EBADENGINE   package: 'cssnano-utils@5.0.1',
46 warn EBADENGINE   required: { node: '^18.12.0 || ^20.9.0 || >=22.0' },
46 warn EBADENGINE   current: { node: 'v16.16.0', npm: '8.11.0' }
46 warn EBADENGINE }
47 warn EBADENGINE Unsupported engine {
47 warn EBADENGINE   package: 'postcss-calc@10.1.1',
47 warn EBADENGINE   required: { node: '^18.12 || ^20.9 || >=22.0' },
47 warn EBADENGINE   current: { node: 'v16.16.0', npm: '8.11.0' }
47 warn EBADENGINE }
48 warn EBADENGINE Unsupported engine {
48 warn EBADENGINE   package: 'postcss-colormin@7.0.3',
48 warn EBADENGINE   required: { node: '^18.12.0 || ^20.9.0 || >=22.0' },
48 warn EBADENGINE   current: { node: 'v16.16.0', npm: '8.11.0' }
48 warn EBADENGINE }
49 warn EBADENGINE Unsupported engine {
49 warn EBADENGINE   package: 'postcss-convert-values@7.0.5',
49 warn EBADENGINE   required: { node: '^18.12.0 || ^20.9.0 || >=22.0' },
49 warn EBADENGINE   current: { node: 'v16.16.0', npm: '8.11.0' }
49 warn EBADENGINE }
50 warn EBADENGINE Unsupported engine {
50 warn EBADENGINE   package: 'postcss-discard-comments@7.0.4',
50 warn EBADENGINE   required: { node: '^18.12.0 || ^20.9.0 || >=22.0' },
50 warn EBADENGINE   current: { node: 'v16.16.0', npm: '8.11.0' }
50 warn EBADENGINE }
51 warn EBADENGINE Unsupported engine {
51 warn EBADENGINE   package: 'postcss-discard-duplicates@7.0.2',
51 warn EBADENGINE   required: { node: '^18.12.0 || ^20.9.0 || >=22.0' },
51 warn EBADENGINE   current: { node: 'v16.16.0', npm: '8.11.0' }
51 warn EBADENGINE }
52 warn EBADENGINE Unsupported engine {
52 warn EBADENGINE   package: 'postcss-discard-empty@7.0.1',
52 warn EBADENGINE   required: { node: '^18.12.0 || ^20.9.0 || >=22.0' },
52 warn EBADENGINE   current: { node: 'v16.16.0', npm: '8.11.0' }
52 warn EBADENGINE }
53 warn EBADENGINE Unsupported engine {
53 warn EBADENGINE   package: 'postcss-discard-overridden@7.0.1',
53 warn EBADENGINE   required: { node: '^18.12.0 || ^20.9.0 || >=22.0' },
53 warn EBADENGINE   current: { node: 'v16.16.0', npm: '8.11.0' }
53 warn EBADENGINE }
54 warn EBADENGINE Unsupported engine {
54 warn EBADENGINE   package: 'postcss-merge-longhand@7.0.5',
54 warn EBADENGINE   required: { node: '^18.12.0 || ^20.9.0 || >=22.0' },
54 warn EBADENGINE   current: { node: 'v16.16.0', npm: '8.11.0' }
54 warn EBADENGINE }
55 warn EBADENGINE Unsupported engine {
55 warn EBADENGINE   package: 'postcss-merge-rules@7.0.5',
55 warn EBADENGINE   required: { node: '^18.12.0 || ^20.9.0 || >=22.0' },
55 warn EBADENGINE   current: { node: 'v16.16.0', npm: '8.11.0' }
55 warn EBADENGINE }
56 warn EBADENGINE Unsupported engine {
56 warn EBADENGINE   package: 'postcss-minify-font-values@7.0.1',
56 warn EBADENGINE   required: { node: '^18.12.0 || ^20.9.0 || >=22.0' },
56 warn EBADENGINE   current: { node: 'v16.16.0', npm: '8.11.0' }
56 warn EBADENGINE }
57 warn EBADENGINE Unsupported engine {
57 warn EBADENGINE   package: 'postcss-minify-gradients@7.0.1',
57 warn EBADENGINE   required: { node: '^18.12.0 || ^20.9.0 || >=22.0' },
57 warn EBADENGINE   current: { node: 'v16.16.0', npm: '8.11.0' }
57 warn EBADENGINE }
58 warn EBADENGINE Unsupported engine {
58 warn EBADENGINE   package: 'postcss-minify-params@7.0.3',
58 warn EBADENGINE   required: { node: '^18.12.0 || ^20.9.0 || >=22.0' },
58 warn EBADENGINE   current: { node: 'v16.16.0', npm: '8.11.0' }
58 warn EBADENGINE }
59 warn EBADENGINE Unsupported engine {
59 warn EBADENGINE   package: 'postcss-minify-selectors@7.0.5',
59 warn EBADENGINE   required: { node: '^18.12.0 || ^20.9.0 || >=22.0' },
59 warn EBADENGINE   current: { node: 'v16.16.0', npm: '8.11.0' }
59 warn EBADENGINE }
60 warn EBADENGINE Unsupported engine {
60 warn EBADENGINE   package: 'postcss-normalize-charset@7.0.1',
60 warn EBADENGINE   required: { node: '^18.12.0 || ^20.9.0 || >=22.0' },
60 warn EBADENGINE   current: { node: 'v16.16.0', npm: '8.11.0' }
60 warn EBADENGINE }
61 warn EBADENGINE Unsupported engine {
61 warn EBADENGINE   package: 'postcss-normalize-display-values@7.0.1',
61 warn EBADENGINE   required: { node: '^18.12.0 || ^20.9.0 || >=22.0' },
61 warn EBADENGINE   current: { node: 'v16.16.0', npm: '8.11.0' }
61 warn EBADENGINE }
62 warn EBADENGINE Unsupported engine {
62 warn EBADENGINE   package: 'postcss-normalize-positions@7.0.1',
62 warn EBADENGINE   required: { node: '^18.12.0 || ^20.9.0 || >=22.0' },
62 warn EBADENGINE   current: { node: 'v16.16.0', npm: '8.11.0' }
62 warn EBADENGINE }
63 warn EBADENGINE Unsupported engine {
63 warn EBADENGINE   package: 'postcss-normalize-repeat-style@7.0.1',
63 warn EBADENGINE   required: { node: '^18.12.0 || ^20.9.0 || >=22.0' },
63 warn EBADENGINE   current: { node: 'v16.16.0', npm: '8.11.0' }
63 warn EBADENGINE }
64 warn EBADENGINE Unsupported engine {
64 warn EBADENGINE   package: 'postcss-normalize-string@7.0.1',
64 warn EBADENGINE   required: { node: '^18.12.0 || ^20.9.0 || >=22.0' },
64 warn EBADENGINE   current: { node: 'v16.16.0', npm: '8.11.0' }
64 warn EBADENGINE }
65 warn EBADENGINE Unsupported engine {
65 warn EBADENGINE   package: 'postcss-normalize-timing-functions@7.0.1',
65 warn EBADENGINE   required: { node: '^18.12.0 || ^20.9.0 || >=22.0' },
65 warn EBADENGINE   current: { node: 'v16.16.0', npm: '8.11.0' }
65 warn EBADENGINE }
66 warn EBADENGINE Unsupported engine {
66 warn EBADENGINE   package: 'postcss-normalize-unicode@7.0.3',
66 warn EBADENGINE   required: { node: '^18.12.0 || ^20.9.0 || >=22.0' },
66 warn EBADENGINE   current: { node: 'v16.16.0', npm: '8.11.0' }
66 warn EBADENGINE }
67 warn EBADENGINE Unsupported engine {
67 warn EBADENGINE   package: 'postcss-normalize-url@7.0.1',
67 warn EBADENGINE   required: { node: '^18.12.0 || ^20.9.0 || >=22.0' },
67 warn EBADENGINE   current: { node: 'v16.16.0', npm: '8.11.0' }
67 warn EBADENGINE }
68 warn EBADENGINE Unsupported engine {
68 warn EBADENGINE   package: 'postcss-normalize-whitespace@7.0.1',
68 warn EBADENGINE   required: { node: '^18.12.0 || ^20.9.0 || >=22.0' },
68 warn EBADENGINE   current: { node: 'v16.16.0', npm: '8.11.0' }
68 warn EBADENGINE }
69 warn EBADENGINE Unsupported engine {
69 warn EBADENGINE   package: 'postcss-ordered-values@7.0.2',
69 warn EBADENGINE   required: { node: '^18.12.0 || ^20.9.0 || >=22.0' },
69 warn EBADENGINE   current: { node: 'v16.16.0', npm: '8.11.0' }
69 warn EBADENGINE }
70 warn EBADENGINE Unsupported engine {
70 warn EBADENGINE   package: 'postcss-reduce-initial@7.0.3',
70 warn EBADENGINE   required: { node: '^18.12.0 || ^20.9.0 || >=22.0' },
70 warn EBADENGINE   current: { node: 'v16.16.0', npm: '8.11.0' }
70 warn EBADENGINE }
71 warn EBADENGINE Unsupported engine {
71 warn EBADENGINE   package: 'postcss-reduce-transforms@7.0.1',
71 warn EBADENGINE   required: { node: '^18.12.0 || ^20.9.0 || >=22.0' },
71 warn EBADENGINE   current: { node: 'v16.16.0', npm: '8.11.0' }
71 warn EBADENGINE }
72 warn EBADENGINE Unsupported engine {
72 warn EBADENGINE   package: 'postcss-svgo@7.0.2',
72 warn EBADENGINE   required: { node: '^18.12.0 || ^20.9.0 || >= 18' },
72 warn EBADENGINE   current: { node: 'v16.16.0', npm: '8.11.0' }
72 warn EBADENGINE }
73 warn EBADENGINE Unsupported engine {
73 warn EBADENGINE   package: 'postcss-unique-selectors@7.0.4',
73 warn EBADENGINE   required: { node: '^18.12.0 || ^20.9.0 || >=22.0' },
73 warn EBADENGINE   current: { node: 'v16.16.0', npm: '8.11.0' }
73 warn EBADENGINE }
74 warn EBADENGINE Unsupported engine {
74 warn EBADENGINE   package: 'stylehacks@7.0.5',
74 warn EBADENGINE   required: { node: '^18.12.0 || ^20.9.0 || >=22.0' },
74 warn EBADENGINE   current: { node: 'v16.16.0', npm: '8.11.0' }
74 warn EBADENGINE }
75 warn EBADENGINE Unsupported engine {
75 warn EBADENGINE   package: 'hawk@0.10.2',
75 warn EBADENGINE   required: { node: '0.8.x' },
75 warn EBADENGINE   current: { node: 'v16.16.0', npm: '8.11.0' }
75 warn EBADENGINE }
76 warn EBADENGINE Unsupported engine {
76 warn EBADENGINE   package: 'hoek@0.7.6',
76 warn EBADENGINE   required: { node: '0.8.x' },
76 warn EBADENGINE   current: { node: 'v16.16.0', npm: '8.11.0' }
76 warn EBADENGINE }
77 warn EBADENGINE Unsupported engine {
77 warn EBADENGINE   package: 'image-minimizer-webpack-plugin@4.1.3',
77 warn EBADENGINE   required: { node: '>= 18.12.0' },
77 warn EBADENGINE   current: { node: 'v16.16.0', npm: '8.11.0' }
77 warn EBADENGINE }
78 warn EBADENGINE Unsupported engine {
78 warn EBADENGINE   package: 'pkcs7@0.2.3',
78 warn EBADENGINE   required: { node: '^0.10', npm: '^1.4.6' },
78 warn EBADENGINE   current: { node: 'v16.16.0', npm: '8.11.0' }
78 warn EBADENGINE }
79 timing idealTree Completed in 1007ms
80 timing arborist:ctor Completed in 0ms
81 timing reify:loadTrees Completed in 1600ms
82 timing reify:diffTrees Completed in 26ms
83 silly reify mark retired [
83 silly reify   '/Users/lukaijie/workspace/work/shopex/smallP/ecshopx-platform/ecshopx-admin/node_modules/lucide-vue'
83 silly reify ]
84 silly reify moves {
84 silly reify   '/Users/lukaijie/workspace/work/shopex/smallP/ecshopx-platform/ecshopx-admin/node_modules/lucide-vue': '/Users/lukaijie/workspace/work/shopex/smallP/ecshopx-platform/ecshopx-admin/node_modules/.lucide-vue-fkuiAYsu'
84 silly reify }
85 timing reify:retireShallow Completed in 7ms
86 timing reify:createSparse Completed in 0ms
87 timing reify:loadBundles Completed in 0ms
88 silly audit bulk request {
88 silly audit   '@achrinza/node-ipc': [ '9.2.9' ],
88 silly audit   '@alloc/quick-lru': [ '5.2.0' ],
88 silly audit   '@ampproject/remapping': [ '2.3.0' ],
88 silly audit   '@antv/adjust': [ '0.2.5' ],
88 silly audit   tslib: [ '1.14.1', '2.8.1' ],
88 silly audit   '@antv/attr': [ '0.3.5' ],
88 silly audit   '@antv/color-util': [ '2.0.6' ],
88 silly audit   '@antv/component': [ '0.8.35' ],
88 silly audit   '@antv/path-util': [ '2.0.15', '3.0.1' ],
88 silly audit   '@antv/matrix-util': [ '3.0.4', '3.1.0-beta.3' ],
88 silly audit   '@antv/coord': [ '0.3.1' ],
88 silly audit   '@antv/dom-util': [ '2.0.4' ],
88 silly audit   '@antv/event-emitter': [ '0.1.3' ],
88 silly audit   '@antv/g-base': [ '0.5.16' ],
88 silly audit   '@antv/g-canvas': [ '0.5.17' ],
88 silly audit   '@antv/g-math': [ '0.1.9' ],
88 silly audit   '@antv/g-svg': [ '0.5.7' ],
88 silly audit   '@antv/g2': [ '4.2.11' ],
88 silly audit   '@antv/g2plot': [ '2.4.33' ],
88 silly audit   '@antv/scale': [ '0.3.18' ],
88 silly audit   '@antv/util': [ '2.0.17' ],
88 silly audit   '@babel/code-frame': [ '7.27.1', '7.12.11' ],
88 silly audit   '@babel/compat-data': [ '7.27.3' ],
88 silly audit   '@babel/core': [ '7.27.3' ],
88 silly audit   '@babel/eslint-parser': [ '7.27.1' ],
88 silly audit   '@babel/generator': [ '7.27.3' ],
88 silly audit   '@babel/helper-annotate-as-pure': [ '7.27.3' ],
88 silly audit   '@babel/helper-compilation-targets': [ '7.27.2' ],
88 silly audit   '@babel/helper-create-class-features-plugin': [ '7.27.1' ],
88 silly audit   '@babel/helper-create-regexp-features-plugin': [ '7.27.1' ],
88 silly audit   '@babel/helper-define-polyfill-provider': [ '0.6.4' ],
88 silly audit   '@babel/helper-member-expression-to-functions': [ '7.27.1' ],
88 silly audit   '@babel/helper-module-imports': [ '7.27.1' ],
88 silly audit   '@babel/helper-module-transforms': [ '7.27.3' ],
88 silly audit   '@babel/helper-optimise-call-expression': [ '7.27.1' ],
88 silly audit   '@babel/helper-plugin-utils': [ '7.27.1' ],
88 silly audit   '@babel/helper-remap-async-to-generator': [ '7.27.1' ],
88 silly audit   '@babel/helper-replace-supers': [ '7.27.1' ],
88 silly audit   '@babel/helper-skip-transparent-expression-wrappers': [ '7.27.1' ],
88 silly audit   '@babel/helper-string-parser': [ '7.27.1' ],
88 silly audit   '@babel/helper-validator-identifier': [ '7.27.1' ],
88 silly audit   '@babel/helper-validator-option': [ '7.27.1' ],
88 silly audit   '@babel/helper-wrap-function': [ '7.27.1' ],
88 silly audit   '@babel/helpers': [ '7.27.3' ],
88 silly audit   '@babel/highlight': [ '7.25.9' ],
88 silly audit   'ansi-styles': [ '3.2.1', '6.2.1', '4.3.0', '2.2.1' ],
88 silly audit   chalk: [ '2.4.2', '4.1.2', '1.1.3', '3.0.0' ],
88 silly audit   'color-convert': [ '1.9.3', '2.0.1' ],
88 silly audit   'color-name': [ '1.1.3', '1.1.4' ],
88 silly audit   'escape-string-regexp': [ '1.0.5', '4.0.0' ],
88 silly audit   'has-flag': [ '3.0.0', '4.0.0', '1.0.0' ],
88 silly audit   'supports-color': [ '5.5.0', '8.1.1', '2.0.0', '9.4.0', '7.2.0', '3.2.3' ],
88 silly audit   '@babel/parser': [ '7.27.3' ],
88 silly audit   '@babel/plugin-bugfix-firefox-class-in-computed-class-key': [ '7.27.1' ],
88 silly audit   '@babel/plugin-bugfix-safari-class-field-initializer-scope': [ '7.27.1' ],
88 silly audit   '@babel/plugin-bugfix-safari-id-destructuring-collision-in-function-expression': [ '7.27.1' ],
88 silly audit   '@babel/plugin-bugfix-v8-spread-parameters-in-optional-chaining': [ '7.27.1' ],
88 silly audit   '@babel/plugin-bugfix-v8-static-class-fields-redefine-readonly': [ '7.27.1' ],
88 silly audit   '@babel/plugin-proposal-class-properties': [ '7.18.6' ],
88 silly audit   '@babel/plugin-proposal-decorators': [ '7.27.1' ],
88 silly audit   '@babel/plugin-proposal-export-default-from': [ '7.27.1' ],
88 silly audit   '@babel/plugin-proposal-private-property-in-object': [ '7.21.0-placeholder-for-preset-env.2' ],
88 silly audit   '@babel/plugin-syntax-decorators': [ '7.27.1' ],
88 silly audit   '@babel/plugin-syntax-dynamic-import': [ '7.8.3' ],
88 silly audit   '@babel/plugin-syntax-import-assertions': [ '7.27.1' ],
88 silly audit   '@babel/plugin-syntax-import-attributes': [ '7.27.1' ],
88 silly audit   '@babel/plugin-syntax-jsx': [ '7.27.1' ],
88 silly audit   '@babel/plugin-syntax-unicode-sets-regex': [ '7.18.6' ],
88 silly audit   '@babel/plugin-transform-arrow-functions': [ '7.27.1' ],
88 silly audit   '@babel/plugin-transform-async-generator-functions': [ '7.27.1' ],
88 silly audit   '@babel/plugin-transform-async-to-generator': [ '7.27.1' ],
88 silly audit   '@babel/plugin-transform-block-scoped-functions': [ '7.27.1' ],
88 silly audit   '@babel/plugin-transform-block-scoping': [ '7.27.3' ],
88 silly audit   '@babel/plugin-transform-class-properties': [ '7.27.1' ],
88 silly audit   '@babel/plugin-transform-class-static-block': [ '7.27.1' ],
88 silly audit   '@babel/plugin-transform-classes': [ '7.27.1' ],
88 silly audit   '@babel/plugin-transform-computed-properties': [ '7.27.1' ],
88 silly audit   '@babel/plugin-transform-destructuring': [ '7.27.3' ],
88 silly audit   '@babel/plugin-transform-dotall-regex': [ '7.27.1' ],
88 silly audit   '@babel/plugin-transform-duplicate-keys': [ '7.27.1' ],
88 silly audit   '@babel/plugin-transform-duplicate-named-capturing-groups-regex': [ '7.27.1' ],
88 silly audit   '@babel/plugin-transform-dynamic-import': [ '7.27.1' ],
88 silly audit   '@babel/plugin-transform-exponentiation-operator': [ '7.27.1' ],
88 silly audit   '@babel/plugin-transform-export-namespace-from': [ '7.27.1' ],
88 silly audit   '@babel/plugin-transform-for-of': [ '7.27.1' ],
88 silly audit   '@babel/plugin-transform-function-name': [ '7.27.1' ],
88 silly audit   '@babel/plugin-transform-json-strings': [ '7.27.1' ],
88 silly audit   '@babel/plugin-transform-literals': [ '7.27.1' ],
88 silly audit   '@babel/plugin-transform-logical-assignment-operators': [ '7.27.1' ],
88 silly audit   '@babel/plugin-transform-member-expression-literals': [ '7.27.1' ],
88 silly audit   '@babel/plugin-transform-modules-amd': [ '7.27.1' ],
88 silly audit   '@babel/plugin-transform-modules-commonjs': [ '7.27.1' ],
88 silly audit   '@babel/plugin-transform-modules-systemjs': [ '7.27.1' ],
88 silly audit   '@babel/plugin-transform-modules-umd': [ '7.27.1' ],
88 silly audit   '@babel/plugin-transform-named-capturing-groups-regex': [ '7.27.1' ],
88 silly audit   '@babel/plugin-transform-new-target': [ '7.27.1' ],
88 silly audit   '@babel/plugin-transform-nullish-coalescing-operator': [ '7.27.1' ],
88 silly audit   '@babel/plugin-transform-numeric-separator': [ '7.27.1' ],
88 silly audit   '@babel/plugin-transform-object-rest-spread': [ '7.27.3' ],
88 silly audit   '@babel/plugin-transform-object-super': [ '7.27.1' ],
88 silly audit   '@babel/plugin-transform-optional-catch-binding': [ '7.27.1' ],
88 silly audit   '@babel/plugin-transform-optional-chaining': [ '7.27.1' ],
88 silly audit   '@babel/plugin-transform-parameters': [ '7.27.1' ],
88 silly audit   '@babel/plugin-transform-private-methods': [ '7.27.1' ],
88 silly audit   '@babel/plugin-transform-private-property-in-object': [ '7.27.1' ],
88 silly audit   '@babel/plugin-transform-property-literals': [ '7.27.1' ],
88 silly audit   '@babel/plugin-transform-regenerator': [ '7.27.1' ],
88 silly audit   '@babel/plugin-transform-regexp-modifiers': [ '7.27.1' ],
88 silly audit   '@babel/plugin-transform-reserved-words': [ '7.27.1' ],
88 silly audit   '@babel/plugin-transform-runtime': [ '7.27.3' ],
88 silly audit   '@babel/plugin-transform-shorthand-properties': [ '7.27.1' ],
88 silly audit   '@babel/plugin-transform-spread': [ '7.27.1' ],
88 silly audit   '@babel/plugin-transform-sticky-regex': [ '7.27.1' ],
88 silly audit   '@babel/plugin-transform-template-literals': [ '7.27.1' ],
88 silly audit   '@babel/plugin-transform-typeof-symbol': [ '7.27.1' ],
88 silly audit   '@babel/plugin-transform-unicode-escapes': [ '7.27.1' ],
88 silly audit   '@babel/plugin-transform-unicode-property-regex': [ '7.27.1' ],
88 silly audit   '@babel/plugin-transform-unicode-regex': [ '7.27.1' ],
88 silly audit   '@babel/plugin-transform-unicode-sets-regex': [ '7.27.1' ],
88 silly audit   '@babel/preset-env': [ '7.27.2' ],
88 silly audit   '@babel/preset-modules': [ '0.1.6-no-external-plugins' ],
88 silly audit   '@babel/runtime': [ '7.27.3' ],
88 silly audit   '@babel/template': [ '7.27.2' ],
88 silly audit   '@babel/traverse': [ '7.27.3' ],
88 silly audit   '@babel/types': [ '7.27.3' ],
88 silly audit   '@discoveryjs/json-ext': [ '0.5.7' ],
88 silly audit   '@eslint/eslintrc': [ '0.4.3' ],
88 silly audit   globals: [ '13.24.0', '9.18.0', '11.12.0' ],
88 silly audit   'type-fest': [ '0.20.2', '0.18.1', '0.8.1', '0.6.0', '0.21.3' ],
88 silly audit   '@gar/promisify': [ '1.1.3' ],
88 silly audit   '@hapi/hoek': [ '9.3.0' ],
88 silly audit   '@hapi/topo': [ '5.1.0' ],
88 silly audit   '@humanwhocodes/config-array': [ '0.5.0' ],
88 silly audit   '@humanwhocodes/object-schema': [ '1.2.1' ],
88 silly audit   '@hutson/parse-repository-url': [ '3.0.2' ],
88 silly audit   '@isaacs/cliui': [ '8.0.2' ],
88 silly audit   'ansi-regex': [ '6.1.0', '3.0.1', '2.1.1', '4.1.1', '5.0.1' ],
88 silly audit   'emoji-regex': [ '9.2.2', '8.0.0', '7.0.3' ],
88 silly audit   'string-width': [ '5.1.2', '2.1.1', '1.0.2', '3.1.0', '4.2.3' ],
88 silly audit   'strip-ansi': [ '7.1.0', '3.0.1', '4.0.0', '5.2.0', '6.0.1' ],
88 silly audit   'wrap-ansi': [ '8.1.0', '3.0.1', '6.2.0', '5.1.0', '7.0.0' ],
88 silly audit   '@jest/schemas': [ '29.6.3' ],
88 silly audit   '@jest/types': [ '29.6.3' ],
88 silly audit   '@jridgewell/gen-mapping': [ '0.3.8' ],
88 silly audit   '@jridgewell/resolve-uri': [ '3.1.2' ],
88 silly audit   '@jridgewell/set-array': [ '1.2.1' ],
88 silly audit   '@jridgewell/source-map': [ '0.3.6' ],
88 silly audit   '@jridgewell/sourcemap-codec': [ '1.5.0' ],
88 silly audit   '@jridgewell/trace-mapping': [ '0.3.25' ],
88 silly audit   '@leichtgewicht/ip-codec': [ '2.0.5' ],
88 silly audit   '@ljharb/resumer': [ '0.0.1' ],
88 silly audit   '@ljharb/through': [ '2.3.14' ],
88 silly audit   '@nicolo-ribaudo/eslint-scope-5-internals': [ '5.1.1-v1' ],
88 silly audit   '@node-ipc/js-queue': [ '2.0.3' ],
88 silly audit   '@nodelib/fs.scandir': [ '2.1.5' ],
88 silly audit   '@nodelib/fs.stat': [ '2.0.5' ],
88 silly audit   '@nodelib/fs.walk': [ '1.2.8' ],
88 silly audit   '@npmcli/fs': [ '2.1.2', '1.1.1' ],
88 silly audit   semver: [ '7.7.2', '5.7.2', '5.5.0', '6.3.1' ],
88 silly audit   '@npmcli/move-file': [ '2.0.1', '1.1.2' ],
88 silly audit   '@pkgjs/parseargs': [ '0.11.0' ],
88 silly audit   '@polka/url': [ '1.0.0-next.29' ],
88 silly audit   '@riophae/vue-treeselect': [ '0.0.38' ],
88 silly audit   '@rtsao/scc': [ '1.1.0' ],
88 silly audit   '@samverschueren/stream-to-observable': [ '0.3.1' ],
88 silly audit   '@shopex/finder': [ '1.0.71' ],
88 silly audit   '@sideway/address': [ '4.1.5' ],
88 silly audit   '@sideway/formula': [ '3.0.1' ],
88 silly audit   '@sideway/pinpoint': [ '2.0.0' ],
88 silly audit   '@sinclair/typebox': [ '0.27.8' ],
88 silly audit   '@soda/friendly-errors-webpack-plugin': [ '1.8.1' ],
88 silly audit   '@soda/get-current-script': [ '1.0.2' ],
88 silly audit   '@tootallnate/once': [ '2.0.0', '1.1.2' ],
88 silly audit   '@trysound/sax': [ '0.2.0' ],
88 silly audit   '@types/body-parser': [ '1.19.5' ],
88 silly audit   '@types/bonjour': [ '3.5.13' ],
88 silly audit   '@types/connect': [ '3.4.38' ],
88 silly audit   '@types/connect-history-api-fallback': [ '1.5.4' ],
88 silly audit   '@types/d3-timer': [ '2.0.3' ],
88 silly audit   '@types/eslint': [ '8.56.12' ],
88 silly audit   '@types/eslint-scope': [ '3.7.7' ],
88 silly audit   '@types/eslint-visitor-keys': [ '1.0.0' ],
88 silly audit   '@types/estree': [ '1.0.7' ],
88 silly audit   '@types/express': [ '4.17.22' ],
88 silly audit   '@types/express-serve-static-core': [ '5.0.6', '4.19.6' ],
88 silly audit   '@types/glob': [ '7.2.0' ],
88 silly audit   '@types/html-minifier-terser': [ '6.1.0' ],
88 silly audit   '@types/http-errors': [ '2.0.4' ],
88 silly audit   '@types/http-proxy': [ '1.17.16' ],
88 silly audit   '@types/istanbul-lib-coverage': [ '2.0.6' ],
88 silly audit   '@types/istanbul-lib-report': [ '3.0.3' ],
88 silly audit   '@types/istanbul-reports': [ '3.0.4' ],
88 silly audit   '@types/json-schema': [ '7.0.15' ],
88 silly audit   '@types/json5': [ '0.0.29' ],
88 silly audit   '@types/mime': [ '1.3.5' ],
88 silly audit   '@types/minimatch': [ '5.1.2' ],
88 silly audit   '@types/minimist': [ '1.2.5' ],
88 silly audit   '@types/node': [ '22.15.26' ],
88 silly audit   '@types/node-forge': [ '1.3.11' ],
88 silly audit   '@types/normalize-package-data': [ '2.4.4' ],
88 silly audit   '@types/parse-json': [ '4.0.2' ],
88 silly audit   '@types/qs': [ '6.14.0' ],
88 silly audit   '@types/range-parser': [ '1.2.7' ],
88 silly audit   '@types/retry': [ '0.12.0' ],
88 silly audit   '@types/send': [ '0.17.4' ],
88 silly audit   '@types/serve-index': [ '1.9.4' ],
88 silly audit   '@types/serve-static': [ '1.15.7' ],
88 silly audit   '@types/sockjs': [ '0.3.36' ],
88 silly audit   '@types/ws': [ '8.18.1' ],
88 silly audit   '@types/yargs': [ '17.0.33' ],
88 silly audit   '@types/yargs-parser': [ '21.0.3' ],
88 silly audit   '@typescript-eslint/experimental-utils': [ '3.10.1', '1.13.0' ],
88 silly audit   '@typescript-eslint/parser': [ '3.10.1', '1.13.0' ],
88 silly audit   'eslint-visitor-keys': [ '1.3.0', '2.1.0' ],
88 silly audit   '@typescript-eslint/types': [ '3.10.1' ],
88 silly audit   '@typescript-eslint/typescript-estree': [ '3.10.1', '1.13.0' ],
88 silly audit   '@typescript-eslint/visitor-keys': [ '3.10.1' ],
88 silly audit   '@vue/babel-helper-vue-jsx-merge-props': [ '1.4.0' ],
88 silly audit   '@vue/babel-helper-vue-transform-on': [ '1.4.0' ],
88 silly audit   '@vue/babel-plugin-jsx': [ '1.4.0' ],
88 silly audit   '@vue/babel-plugin-resolve-type': [ '1.4.0' ],
88 silly audit   '@vue/babel-plugin-transform-vue-jsx': [ '1.4.0' ],
88 silly audit   '@vue/babel-preset-app': [ '5.0.8' ],
88 silly audit   '@vue/babel-preset-jsx': [ '1.4.0' ],
88 silly audit   '@vue/babel-sugar-composition-api-inject-h': [ '1.4.0' ],
88 silly audit   '@vue/babel-sugar-composition-api-render-instance': [ '1.4.0' ],
88 silly audit   '@vue/babel-sugar-functional-vue': [ '1.4.0' ],
88 silly audit   '@vue/babel-sugar-inject-h': [ '1.4.0' ],
88 silly audit   '@vue/babel-sugar-v-model': [ '1.4.0' ],
88 silly audit   '@vue/babel-sugar-v-on': [ '1.4.0' ],
88 silly audit   '@vue/cli-overlay': [ '5.0.8' ],
88 silly audit   '@vue/cli-plugin-babel': [ '5.0.8' ],
88 silly audit   '@vue/cli-plugin-eslint': [ '5.0.8' ],
88 silly audit   '@vue/cli-plugin-router': [ '5.0.8' ],
88 silly audit   '@vue/cli-plugin-vuex': [ '5.0.8' ],
88 silly audit   '@vue/cli-service': [ '5.0.8' ],
88 silly audit   ajv: [ '8.17.1', '6.12.6' ],
88 silly audit   'ajv-keywords': [ '5.1.0', '3.5.2' ],
88 silly audit   'css-minimizer-webpack-plugin': [ '3.4.1', '7.0.2' ],
88 silly audit   'jest-worker': [ '27.5.1', '28.1.3', '29.7.0' ],
88 silly audit   'json-schema-traverse': [ '1.0.0', '0.4.1' ],
88 silly audit   'schema-utils': [ '4.3.2', '3.3.0', '2.7.1' ],
88 silly audit   '@vue/cli-shared-utils': [ '5.0.8' ],
88 silly audit   'lru-cache': [ '6.0.0', '4.1.5', '7.18.3', '5.1.1', '10.4.3' ],
88 silly audit   yallist: [ '4.0.0', '2.1.2', '3.1.1' ],
88 silly audit   '@vue/compiler-core': [ '3.5.16' ],
88 silly audit   '@vue/compiler-dom': [ '3.5.16' ],
88 silly audit   '@vue/compiler-sfc': [ '3.5.16', '2.7.16' ],
88 silly audit   '@vue/compiler-ssr': [ '3.5.16' ],
88 silly audit   '@vue/component-compiler-utils': [ '3.3.0' ],
88 silly audit   'hash-sum': [ '1.0.2', '2.0.0' ],
88 silly audit   picocolors: [ '0.2.1', '1.1.1' ],
88 silly audit   postcss: [ '7.0.39', '8.5.4', '5.2.18' ],
88 silly audit   '@vue/eslint-config-prettier': [ '6.0.0' ],
88 silly audit   '@vue/shared': [ '3.5.16' ],
88 silly audit   'vue-loader': [ '15.11.1', '17.4.2' ],
88 silly audit   '@vue/web-component-wrapper': [ '1.3.0' ],
88 silly audit   '@webassemblyjs/ast': [ '1.14.1' ],
88 silly audit   '@webassemblyjs/floating-point-hex-parser': [ '1.13.2' ],
88 silly audit   '@webassemblyjs/helper-api-error': [ '1.13.2' ],
88 silly audit   '@webassemblyjs/helper-buffer': [ '1.14.1' ],
88 silly audit   '@webassemblyjs/helper-numbers': [ '1.13.2' ],
88 silly audit   '@webassemblyjs/helper-wasm-bytecode': [ '1.13.2' ],
88 silly audit   '@webassemblyjs/helper-wasm-section': [ '1.14.1' ],
88 silly audit   '@webassemblyjs/ieee754': [ '1.13.2' ],
88 silly audit   '@webassemblyjs/leb128': [ '1.13.2' ],
88 silly audit   '@webassemblyjs/utf8': [ '1.13.2' ],
88 silly audit   '@webassemblyjs/wasm-edit': [ '1.14.1' ],
88 silly audit   '@webassemblyjs/wasm-gen': [ '1.14.1' ],
88 silly audit   '@webassemblyjs/wasm-opt': [ '1.14.1' ],
88 silly audit   '@webassemblyjs/wasm-parser': [ '1.14.1' ],
88 silly audit   '@webassemblyjs/wast-printer': [ '1.14.1' ],
88 silly audit   '@xtuc/ieee754': [ '1.2.0' ],
88 silly audit   '@xtuc/long': [ '4.2.2' ],
88 silly audit   abbrev: [ '1.1.1' ],
88 silly audit   accepts: [ '1.3.8', '1.2.13' ],
88 silly audit   negotiator: [ '0.6.3', '0.6.4', '0.5.3' ],
88 silly audit   acorn: [ '8.14.1', '7.4.1', '6.4.2', '5.7.4', '3.3.0' ],
88 silly audit   'acorn-jsx': [ '5.3.2', '3.0.1' ],
88 silly audit   'acorn-walk': [ '8.3.4' ],
88 silly audit   'add-stream': [ '1.0.0' ],
88 silly audit   address: [ '1.2.2' ],
88 silly audit   'aes-decrypter': [ '1.0.3' ],
88 silly audit   after: [ '0.8.1' ],
88 silly audit   'agent-base': [ '6.0.2' ],
88 silly audit   agentkeepalive: [ '3.5.3', '4.6.0' ],
88 silly audit   'aggregate-error': [ '3.1.0' ],
88 silly audit   'ajv-formats': [ '2.1.1' ],
88 silly audit   'ali-oss': [ '6.23.0' ],
88 silly audit   'align-text': [ '0.1.4' ],
88 silly audit   'is-buffer': [ '1.1.6', '2.0.5' ],
88 silly audit   'kind-of': [ '3.2.2', '4.0.0', '6.0.3', '5.1.0' ],
88 silly audit   amdefine: [ '1.0.1' ],
88 silly audit   'ansi-colors': [ '4.1.3' ],
88 silly audit   'ansi-escapes': [ '4.3.2', '3.2.0' ],
88 silly audit   'ansi-html-community': [ '0.0.8' ],
88 silly audit   'any-observable': [ '0.3.0' ],
88 silly audit   'any-promise': [ '1.3.0' ],
88 silly audit   anymatch: [ '3.1.3' ],
88 silly audit   aproba: [ '2.0.0' ],
88 silly audit   arch: [ '2.2.0' ],
88 silly audit   'are-we-there-yet': [ '3.0.1' ],
88 silly audit   'readable-stream': [ '3.6.2', '1.1.14', '2.3.8' ],
88 silly audit   arg: [ '5.0.2' ],
88 silly audit   argparse: [ '1.0.10' ],
88 silly audit   'arr-diff': [ '4.0.0' ],
88 silly audit   'arr-flatten': [ '1.1.0' ],
88 silly audit   'arr-union': [ '3.1.0' ],
88 silly audit   'array-buffer-byte-length': [ '1.0.2' ],
88 silly audit   'array-flatten': [ '1.1.1' ],
88 silly audit   'array-ify': [ '1.0.0' ],
88 silly audit   'array-includes': [ '3.1.8' ],
88 silly audit   'array-union': [ '2.1.0' ],
88 silly audit   'array-unique': [ '0.3.2' ],
88 silly audit   'array.prototype.findlastindex': [ '1.2.6' ],
88 silly audit   'array.prototype.flat': [ '1.3.3' ],
88 silly audit   'array.prototype.flatmap': [ '1.3.3' ],
88 silly audit   'arraybuffer.prototype.slice': [ '1.0.4' ],
88 silly audit   'arraybuffer.slice': [ '0.0.6' ],
88 silly audit   arrify: [ '1.0.1', '2.0.1' ],
88 silly audit   asap: [ '2.0.6' ],
88 silly audit   asn1: [ '0.1.11' ],
88 silly audit   'assert-plus': [ '0.1.5' ],
88 silly audit   'assign-symbols': [ '1.0.0' ],
88 silly audit   'astral-regex': [ '2.0.0', '1.0.0' ],
88 silly audit   async: [ '3.2.6', '0.2.10', '0.9.2' ],
88 silly audit   'async-foreach': [ '0.1.3' ],
88 silly audit   'async-function': [ '1.0.0' ],
88 silly audit   'async-validator': [ '1.8.5' ],
88 silly audit   'at-least-node': [ '1.0.0' ],
88 silly audit   atob: [ '2.1.2' ],
88 silly audit   autoprefixer: [ '10.4.21' ],
88 silly audit   'available-typed-arrays': [ '1.0.7' ],
88 silly audit   'aws-sdk': [ '2.1692.0' ],
88 silly audit   'aws-sign': [ '0.3.0', '0.2.0' ],
88 silly audit   axios: [ '0.19.2' ],
88 silly audit   'axios-mock-adapter': [ '1.22.0' ],
88 silly audit   'babel-code-frame': [ '6.26.0' ],
88 silly audit   'js-tokens': [ '3.0.2', '4.0.0' ],
88 silly audit   'babel-helper-builder-binary-assignment-operator-visitor': [ '6.24.1' ],
88 silly audit   'babel-helper-call-delegate': [ '6.24.1' ],
88 silly audit   'babel-helper-define-map': [ '6.26.0' ],
88 silly audit   'babel-helper-explode-assignable-expression': [ '6.24.1' ],
88 silly audit   'babel-helper-function-name': [ '6.24.1' ],
88 silly audit   'babel-helper-get-function-arity': [ '6.24.1' ],
88 silly audit   'babel-helper-hoist-variables': [ '6.24.1' ],
88 silly audit   'babel-helper-optimise-call-expression': [ '6.24.1' ],
88 silly audit   'babel-helper-regex': [ '6.26.0' ],
88 silly audit   'babel-helper-remap-async-to-generator': [ '6.24.1' ],
88 silly audit   'babel-helper-replace-supers': [ '6.24.1' ],
88 silly audit   'babel-helper-vue-jsx-merge-props': [ '2.0.3' ],
88 silly audit   'babel-loader': [ '8.4.1' ],
88 silly audit   'loader-utils': [ '2.0.4', '1.4.2' ],
88 silly audit   'babel-messages': [ '6.23.0' ],
88 silly audit   'babel-plugin-check-es2015-constants': [ '6.22.0' ],
88 silly audit   'babel-plugin-dynamic-import-node': [ '2.3.3' ],
88 silly audit   'babel-plugin-polyfill-corejs2': [ '0.4.13' ],
88 silly audit   'babel-plugin-polyfill-corejs3': [ '0.11.1' ],
88 silly audit   'babel-plugin-polyfill-regenerator': [ '0.6.4' ],
88 silly audit   'babel-plugin-syntax-async-functions': [ '6.13.0' ],
88 silly audit   'babel-plugin-syntax-exponentiation-operator': [ '6.13.0' ],
88 silly audit   'babel-plugin-syntax-jsx': [ '6.18.0' ],
88 silly audit   'babel-plugin-syntax-trailing-function-commas': [ '6.22.0' ],
88 silly audit   'babel-plugin-transform-async-to-generator': [ '6.24.1' ],
88 silly audit   'babel-plugin-transform-es2015-arrow-functions': [ '6.22.0' ],
88 silly audit   'babel-plugin-transform-es2015-block-scoped-functions': [ '6.22.0' ],
88 silly audit   'babel-plugin-transform-es2015-block-scoping': [ '6.26.0' ],
88 silly audit   'babel-plugin-transform-es2015-classes': [ '6.24.1' ],
88 silly audit   'babel-plugin-transform-es2015-computed-properties': [ '6.24.1' ],
88 silly audit   'babel-plugin-transform-es2015-destructuring': [ '6.23.0' ],
88 silly audit   'babel-plugin-transform-es2015-duplicate-keys': [ '6.24.1' ],
88 silly audit   'babel-plugin-transform-es2015-for-of': [ '6.23.0' ],
88 silly audit   'babel-plugin-transform-es2015-function-name': [ '6.24.1' ],
88 silly audit   'babel-plugin-transform-es2015-literals': [ '6.22.0' ],
88 silly audit   'babel-plugin-transform-es2015-modules-amd': [ '6.24.1' ],
88 silly audit   'babel-plugin-transform-es2015-modules-commonjs': [ '6.26.2' ],
88 silly audit   'babel-plugin-transform-es2015-modules-systemjs': [ '6.24.1' ],
88 silly audit   'babel-plugin-transform-es2015-modules-umd': [ '6.24.1' ],
88 silly audit   'babel-plugin-transform-es2015-object-super': [ '6.24.1' ],
88 silly audit   'babel-plugin-transform-es2015-parameters': [ '6.24.1' ],
88 silly audit   'babel-plugin-transform-es2015-shorthand-properties': [ '6.24.1' ],
88 silly audit   'babel-plugin-transform-es2015-spread': [ '6.22.0' ],
88 silly audit   'babel-plugin-transform-es2015-sticky-regex': [ '6.24.1' ],
88 silly audit   'babel-plugin-transform-es2015-template-literals': [ '6.22.0' ],
88 silly audit   'babel-plugin-transform-es2015-typeof-symbol': [ '6.23.0' ],
88 silly audit   'babel-plugin-transform-es2015-unicode-regex': [ '6.24.1' ],
88 silly audit   jsesc: [ '0.5.0', '3.1.0', '3.0.2' ],
88 silly audit   'regexpu-core': [ '2.0.0', '6.2.0' ],
88 silly audit   regjsgen: [ '0.2.0', '0.8.0' ],
88 silly audit   regjsparser: [ '0.1.5', '0.12.0' ],
88 silly audit   'babel-plugin-transform-exponentiation-operator': [ '6.24.1' ],
88 silly audit   'babel-plugin-transform-regenerator': [ '6.26.0' ],
88 silly audit   'babel-plugin-transform-strict-mode': [ '6.24.1' ],
88 silly audit   'babel-plugin-transform-vue-jsx': [ '3.7.0' ],
88 silly audit   'babel-preset-env': [ '1.7.0' ],
88 silly audit   browserslist: [ '3.2.8', '4.25.0' ],
88 silly audit   'babel-runtime': [ '6.26.0' ],
88 silly audit   'core-js': [ '2.6.12', '3.42.0' ],
88 silly audit   'babel-template': [ '6.26.0' ],
88 silly audit   'babel-traverse': [ '6.26.0' ],
88 silly audit   debug: [
88 silly audit     '2.6.9', '2.2.0',
88 silly audit     '4.4.1', '0.7.4',
88 silly audit     '1.0.3', '3.2.7',
88 silly audit     '3.1.0', '0.7.2'
88 silly audit   ],
88 silly audit   ms: [ '2.0.0', '0.7.1', '0.6.2', '2.1.3', '0.7.2', '2.1.1' ],
88 silly audit   'babel-types': [ '6.26.0' ],
88 silly audit   babylon: [ '6.18.0' ],
88 silly audit   'balanced-match': [ '1.0.2' ],
88 silly audit   base: [ '0.11.2' ],
88 silly audit   'component-emitter': [ '1.3.1', '1.1.2' ],
88 silly audit   'base64-arraybuffer': [ '0.1.2' ],
88 silly audit   'base64-js': [ '1.5.1' ],
88 silly audit   'base64-url': [ '1.2.1' ],
88 silly audit   base64id: [ '0.1.0' ],
88 silly audit   'basic-auth': [ '1.0.4' ],
88 silly audit   'basic-auth-connect': [ '1.0.0' ],
88 silly audit   batch: [ '0.6.1', '0.5.3' ],
88 silly audit   'better-assert': [ '1.0.2' ],
88 silly audit   big: [ '0.5.2' ],
88 silly audit   'big.js': [ '5.2.2' ],
88 silly audit   'binary-extensions': [ '2.3.0' ],
88 silly audit   bl: [ '4.1.0' ],
88 silly audit   buffer: [ '5.7.1', '4.9.2' ],
88 silly audit   blob: [ '0.0.2' ],
88 silly audit   bluebird: [ '3.7.2' ],
88 silly audit   'body-parser': [ '1.20.3', '1.13.3' ],
88 silly audit   'iconv-lite': [ '0.4.24', '0.6.3', '0.4.11', '0.4.13' ],
88 silly audit   qs: [ '6.13.0', '0.5.1', '0.5.6', '6.14.0', '0.6.6', '4.0.0' ],
88 silly audit   'bonjour-service': [ '1.3.0' ],
88 silly audit   boolbase: [ '1.0.0' ],
88 silly audit   boolify: [ '1.0.1' ],
88 silly audit   boom: [ '0.4.2', '0.3.1' ],
88 silly audit   bowser: [ '1.9.4' ],
88 silly audit   'brace-expansion': [ '1.1.11', '2.0.1' ],
88 silly audit   braces: [ '3.0.3', '2.3.2' ],
88 silly audit   'browser-request': [ '0.3.3' ],
88 silly audit   'buffer-concat': [ '0.0.1' ],
88 silly audit   'buffer-from': [ '1.1.2' ],
88 silly audit   'builtin-status-codes': [ '3.0.0' ],
88 silly audit   bytes: [ '3.1.2', '0.1.0', '2.1.0', '2.4.0' ],
88 silly audit   cacache: [ '16.1.3', '15.3.0' ],
88 silly audit   glob: [ '8.1.0', '7.2.3', '7.1.7', '10.4.5' ],
88 silly audit   minimatch: [ '5.1.6', '3.0.8', '3.1.2', '9.0.5' ],
88 silly audit   ssri: [ '9.0.1', '8.0.1' ],
88 silly audit   'cache-base': [ '1.0.1' ],
88 silly audit   'call-bind': [ '1.0.8' ],
88 silly audit   'call-bind-apply-helpers': [ '1.0.2' ],
88 silly audit   'call-bound': [ '1.0.4' ],
88 silly audit   callsite: [ '1.0.0' ],
88 silly audit   callsites: [ '3.1.0' ],
88 silly audit   'camel-case': [ '4.1.2' ],
88 silly audit   camelcase: [ '5.3.1', '1.2.1' ],
88 silly audit   'camelcase-css': [ '2.0.1' ],
88 silly audit   'camelcase-keys': [ '6.2.2' ],
88 silly audit   'caniuse-api': [ '3.0.0' ],
88 silly audit   'caniuse-lite': [ '1.0.30001720' ],
88 silly audit   'case-sensitive-paths-webpack-plugin': [ '2.4.0' ],
88 silly audit   caseless: [ '0.11.0' ],
88 silly audit   'center-align': [ '0.1.3' ],
88 silly audit   chardet: [ '0.7.0' ],
88 silly audit   'chart.js': [ '2.9.4' ],
88 silly audit   'chartjs-color': [ '2.4.1' ],
88 silly audit   'chartjs-color-string': [ '0.6.0' ],
88 silly audit   cheerio: [ '0.9.2' ],
88 silly audit   'cheerio-select': [ '2.1.0' ],
88 silly audit   'css-select': [ '5.1.0', '4.3.0' ],
88 silly audit   'dom-serializer': [ '2.0.0', '1.4.1', '0.2.2' ],
88 silly audit   domhandler: [ '5.0.3', '2.0.3', '4.3.1', '2.4.2' ],
88 silly audit   domutils: [ '3.2.2', '1.0.1', '2.8.0', '1.7.0' ],
88 silly audit   domelementtype: [ '1.3.1', '2.3.0' ],
88 silly audit   entities: [ '0.5.0', '2.2.0', '4.5.0', '1.1.2' ],
88 silly audit   htmlparser2: [ '2.6.0', '6.1.0', '3.10.1' ],
88 silly audit   chokidar: [ '3.6.0' ],
88 silly audit   'glob-parent': [ '5.1.2', '6.0.2' ],
88 silly audit   chownr: [ '2.0.0' ],
88 silly audit   'chrome-trace-event': [ '1.0.4' ],
88 silly audit   'ci-info': [ '3.9.0', '1.6.0' ],
88 silly audit   'class-utils': [ '0.3.6' ],
88 silly audit   'define-property': [ '0.2.5', '1.0.0', '2.0.2' ],
88 silly audit   'is-descriptor': [ '0.1.7', '1.0.3' ],
88 silly audit   'clean-css': [ '5.3.3' ],
88 silly audit   'clean-stack': [ '2.2.0' ],
88 silly audit   'cli-cursor': [ '3.1.0', '2.1.0' ],
88 silly audit   'cli-highlight': [ '2.1.11' ],
88 silly audit   'cli-spinners': [ '2.9.2' ],
88 silly audit   'cli-truncate': [ '3.1.0', '0.2.1', '2.1.0' ],
88 silly audit   'cli-width': [ '2.2.1' ],
88 silly audit   clipboard: [ '2.0.11' ],
88 silly audit   clipboardy: [ '2.3.0' ],
88 silly audit   cliui: [ '7.0.4', '5.0.0', '8.0.1', '2.1.0' ],
88 silly audit   clone: [ '1.0.4', '2.1.2' ],
88 silly audit   'clone-deep': [ '4.0.1' ],
88 silly audit   'code-point-at': [ '1.1.0' ],
88 silly audit   'collection-visit': [ '1.0.0' ],
88 silly audit   'color-support': [ '1.1.3' ],
88 silly audit   colord: [ '2.9.3' ],
88 silly audit   colorette: [ '2.0.20' ],
88 silly audit   colors: [ '1.4.0' ],
88 silly audit   'combined-stream': [ '0.0.7' ],
88 silly audit   commander: [
88 silly audit     '8.3.0',  '7.2.0',
88 silly audit     '2.20.3', '9.5.0',
88 silly audit     '2.6.0',  '4.1.1',
88 silly audit     '0.6.1'
88 silly audit   ],
88 silly audit   'common-tags': [ '1.8.2' ],
88 silly audit   commondir: [ '1.0.1' ],
88 silly audit   'compare-func': [ '2.0.0' ],
88 silly audit   'component-inherit': [ '0.0.3' ],
88 silly audit   compressible: [ '2.0.18' ],
88 silly audit   compression: [ '1.8.0', '1.5.2' ],
88 silly audit   'compression-webpack-plugin': [ '11.1.0' ],
88 silly audit   'safe-buffer': [ '5.2.1', '5.1.2', '5.1.1' ],
88 silly audit   'concat-map': [ '0.0.1' ],
88 silly audit   'concat-stream': [ '2.0.0', '1.6.2' ],
88 silly audit   connect: [ '2.7.1', '2.30.2' ],
88 silly audit   'connect-history-api-fallback': [ '2.0.0' ],
88 silly audit   'connect-timeout': [ '1.6.2' ],
88 silly audit   'http-errors': [ '1.3.1', '2.0.0', '1.6.3' ],
88 silly audit   statuses: [ '1.5.0', '1.2.1', '2.0.1' ],
88 silly audit   cookie: [ '0.0.5', '0.7.2', '0.1.3', '0.7.1' ],
88 silly audit   'cookie-signature': [ '0.0.1', '1.0.6', '1.0.7' ],
88 silly audit   fresh: [ '0.1.0', '0.5.2', '0.3.0' ],
88 silly audit   mime: [ '1.2.6', '1.2.11', '1.2.9', '2.6.0', '1.3.4', '1.6.0' ],
88 silly audit   'range-parser': [ '0.0.4', '1.2.1', '1.0.3' ],
88 silly audit   send: [ '0.1.0', '0.13.0', '0.13.2', '0.19.0' ],
88 silly audit   'console-control-strings': [ '1.1.0' ],
88 silly audit   consolidate: [ '0.15.1' ],
88 silly audit   'content-disposition': [ '0.5.4', '0.5.0' ],
88 silly audit   'content-type': [ '1.0.5' ],
88 silly audit   contour_plot: [ '0.0.1' ],
88 silly audit   'conventional-changelog': [ '3.1.25' ],
88 silly audit   'conventional-changelog-angular': [ '5.0.13' ],
88 silly audit   'conventional-changelog-atom': [ '2.0.8' ],
88 silly audit   'conventional-changelog-codemirror': [ '2.0.8' ],
88 silly audit   'conventional-changelog-config-spec': [ '2.1.0' ],
88 silly audit   'conventional-changelog-conventionalcommits': [ '4.6.3' ],
88 silly audit   'conventional-changelog-core': [ '4.2.4' ],
88 silly audit   dateformat: [ '3.0.3', '2.2.0' ],
88 silly audit   'find-up': [ '2.1.0', '3.0.0', '4.1.0', '5.0.0' ],
88 silly audit   'hosted-git-info': [ '2.8.9', '4.1.0' ],
88 silly audit   'locate-path': [ '2.0.0', '3.0.0', '5.0.0', '6.0.0' ],
88 silly audit   'p-limit': [ '1.3.0', '2.3.0', '3.1.0' ],
88 silly audit   'p-locate': [ '2.0.0', '3.0.0', '4.1.0', '5.0.0' ],
88 silly audit   'p-try': [ '1.0.0', '2.2.0' ],
88 silly audit   'path-exists': [ '3.0.0', '4.0.0' ],
88 silly audit   'path-type': [ '3.0.0', '4.0.0' ],
88 silly audit   pify: [ '3.0.0', '2.3.0' ],
88 silly audit   'read-pkg': [ '3.0.0', '5.2.0' ],
88 silly audit   'read-pkg-up': [ '3.0.0', '7.0.1' ],
88 silly audit   'normalize-package-data': [ '2.5.0', '3.0.3' ],
88 silly audit   'conventional-changelog-ember': [ '2.0.9' ],
88 silly audit   'conventional-changelog-eslint': [ '3.0.9' ],
88 silly audit   'conventional-changelog-express': [ '2.0.6' ],
88 silly audit   'conventional-changelog-jquery': [ '3.0.11' ],
88 silly audit   'conventional-changelog-jshint': [ '2.0.9' ],
88 silly audit   'conventional-changelog-preset-loader': [ '2.3.4' ],
88 silly audit   'conventional-changelog-writer': [ '5.0.1' ],
88 silly audit   meow: [ '8.1.2', '9.0.0' ],
88 silly audit   'conventional-commits-filter': [ '2.0.7' ],
88 silly audit   'conventional-commits-parser': [ '3.2.4' ],
88 silly audit   'conventional-recommended-bump': [ '6.1.0' ],
88 silly audit   'convert-source-map': [ '2.0.0' ],
88 silly audit   'cookie-jar': [ '0.3.0', '0.2.0' ],
88 silly audit   'cookie-parser': [ '1.4.7', '1.3.5' ],
88 silly audit   'copy-descriptor': [ '0.1.1' ],
88 silly audit   'copy-to': [ '2.0.1' ],
88 silly audit   'copy-webpack-plugin': [ '9.1.0' ],
88 silly audit   'core-js-compat': [ '3.42.0' ],
88 silly audit   'core-util-is': [ '1.0.3' ],
88 silly audit   'cos-js-sdk-v5': [ '1.10.1' ],
88 silly audit   cosmiconfig: [ '7.1.0' ],
88 silly audit   crc: [ '0.2.0', '3.3.0' ],
88 silly audit   crc32: [ '0.2.2' ],
88 silly audit   'cross-spawn': [ '7.0.6', '6.0.6', '5.1.0' ],
88 silly audit   cryptiles: [ '0.2.2', '0.1.0' ],
88 silly audit   csrf: [ '3.0.6' ],
88 silly audit   'uid-safe': [ '2.1.4', '2.0.0', '2.1.5' ],
88 silly audit   'css-declaration-sorter': [ '6.4.1', '7.2.0' ],
88 silly audit   'css-loader': [ '6.11.0' ],
88 silly audit   'css-tree': [ '2.3.1', '2.2.1', '1.1.3' ],
88 silly audit   cssnano: [ '7.0.7', '5.1.15' ],
88 silly audit   'cssnano-preset-default': [ '7.0.7', '5.2.14' ],
88 silly audit   'cssnano-utils': [ '5.0.1', '3.1.0' ],
88 silly audit   csso: [ '5.0.5', '4.2.0' ],
88 silly audit   'mdn-data': [ '2.0.28', '2.0.30', '2.0.14' ],
88 silly audit   lilconfig: [ '3.1.3', '2.1.0', '2.0.5' ],
88 silly audit   'postcss-calc': [ '10.1.1', '8.2.4' ],
88 silly audit   'postcss-colormin': [ '7.0.3', '5.3.1' ],
88 silly audit   'postcss-convert-values': [ '7.0.5', '5.1.3' ],
88 silly audit   'postcss-discard-comments': [ '7.0.4', '5.1.2' ],
88 silly audit   'postcss-discard-duplicates': [ '7.0.2', '5.1.0' ],
88 silly audit   'postcss-discard-empty': [ '7.0.1', '5.1.1' ],
88 silly audit   'postcss-discard-overridden': [ '7.0.1', '5.1.0' ],
88 silly audit   'postcss-merge-longhand': [ '7.0.5', '5.1.7' ],
88 silly audit   'postcss-merge-rules': [ '7.0.5', '5.1.4' ],
88 silly audit   'postcss-minify-font-values': [ '7.0.1', '5.1.0' ],
88 silly audit   'postcss-minify-gradients': [ '7.0.1', '5.1.1' ],
88 silly audit   'postcss-minify-params': [ '7.0.3', '5.1.4' ],
88 silly audit   'postcss-minify-selectors': [ '7.0.5', '5.2.1' ],
88 silly audit   'postcss-normalize-charset': [ '7.0.1', '5.1.0' ],
88 silly audit   'postcss-normalize-display-values': [ '7.0.1', '5.1.0' ],
88 silly audit   'postcss-normalize-positions': [ '7.0.1', '5.1.1' ],
88 silly audit   'postcss-normalize-repeat-style': [ '7.0.1', '5.1.1' ],
88 silly audit   'postcss-normalize-string': [ '7.0.1', '5.1.0' ],
88 silly audit   'postcss-normalize-timing-functions': [ '7.0.1', '5.1.0' ],
88 silly audit   'postcss-normalize-unicode': [ '7.0.3', '5.1.1' ],
88 silly audit   'postcss-normalize-url': [ '7.0.1', '5.1.0' ],
88 silly audit   'postcss-normalize-whitespace': [ '7.0.1', '5.1.1' ],
88 silly audit   'postcss-ordered-values': [ '7.0.2', '5.1.3' ],
88 silly audit   'postcss-reduce-initial': [ '7.0.3', '5.1.2' ],
88 silly audit   'postcss-reduce-transforms': [ '7.0.1', '5.1.0' ],
88 silly audit   'postcss-selector-parser': [ '7.1.0', '6.1.2' ],
88 silly audit   'postcss-svgo': [ '7.0.2', '5.1.0' ],
88 silly audit   'postcss-unique-selectors': [ '7.0.4', '5.1.1' ],
88 silly audit   stylehacks: [ '7.0.5', '5.1.1' ],
88 silly audit   svgo: [ '3.3.2', '2.8.0' ],
88 silly audit   'css-what': [ '6.1.0' ],
88 silly audit   cssesc: [ '3.0.0' ],
88 silly audit   csstype: [ '3.1.3' ],
88 silly audit   csurf: [ '1.8.3' ],
88 silly audit   ctype: [ '0.5.3' ],
88 silly audit   'd3-color': [ '3.1.0' ],
88 silly audit   'd3-ease': [ '1.0.7' ],
88 silly audit   'd3-hierarchy': [ '2.0.0' ],
88 silly audit   'd3-interpolate': [ '3.0.1' ],
88 silly audit   'd3-regression': [ '1.3.10' ],
88 silly audit   'd3-timer': [ '1.0.10' ],
88 silly audit   dargs: [ '7.0.0' ],
88 silly audit   'data-view-buffer': [ '1.0.2' ],
88 silly audit   'data-view-byte-length': [ '1.0.2' ],
88 silly audit   'data-view-byte-offset': [ '1.0.1' ],
88 silly audit   'date-fns': [ '1.30.1' ],
88 silly audit   dayjs: [ '1.11.13' ],
88 silly audit   'de-indent': [ '1.0.2' ],
88 silly audit   debounce: [ '1.2.1' ],
88 silly audit   decamelize: [ '1.2.0' ],
88 silly audit   'decamelize-keys': [ '1.1.1' ],
88 silly audit   'map-obj': [ '1.0.1', '4.3.0' ],
88 silly audit   'decode-uri-component': [ '0.2.2' ],
88 silly audit   'deep-equal': [ '1.1.2' ],
88 silly audit   'deep-is': [ '0.1.4' ],
88 silly audit   deepmerge: [ '1.5.2', '1.3.2', '4.3.1' ],
88 silly audit   'default-gateway': [ '6.0.3' ],
88 silly audit   execa: [ '5.1.1', '1.0.0', '0.8.0' ],
88 silly audit   'get-stream': [ '6.0.1', '4.1.0', '3.0.0' ],
88 silly audit   'is-stream': [ '2.0.1', '1.1.0' ],
88 silly audit   'npm-run-path': [ '4.0.1', '2.0.2' ],
88 silly audit   'default-user-agent': [ '1.0.0' ],
88 silly audit   defaults: [ '1.0.4' ],
88 silly audit   'define-data-property': [ '1.1.4' ],
88 silly audit   'define-lazy-prop': [ '2.0.0' ],
88 silly audit   'define-properties': [ '1.2.1' ],
88 silly audit   defined: [ '1.0.1' ],
88 silly audit   'delayed-stream': [ '0.0.5' ],
88 silly audit   delegate: [ '3.2.0' ],
88 silly audit   delegates: [ '1.0.0' ],
88 silly audit   depd: [ '2.0.0', '1.0.1', '1.1.2' ],
88 silly audit   destroy: [ '1.2.0', '1.0.3', '1.0.4' ],
88 silly audit   'detect-browser': [ '5.3.0' ],
88 silly audit   'detect-indent': [ '6.1.0' ],
88 silly audit   'detect-newline': [ '3.1.0' ],
88 silly audit   'detect-node': [ '2.1.0' ],
88 silly audit   didyoumean: [ '1.2.2' ],
88 silly audit   'digest-header': [ '1.1.0' ],
88 silly audit   'dir-glob': [ '3.0.1' ],
88 silly audit   dlv: [ '1.1.3' ],
88 silly audit   'dns-packet': [ '5.6.1' ],
88 silly audit   doctrine: [ '3.0.0', '2.1.0' ],
88 silly audit   'dom-converter': [ '0.2.0' ],
88 silly audit   'dom-walk': [ '0.1.2' ],
88 silly audit   domready: [ '1.0.8' ],
88 silly audit   'dot-case': [ '3.0.4' ],
88 silly audit   'dot-prop': [ '5.3.0' ],
88 silly audit   dotenv: [ '10.0.0', '8.6.0' ],
88 silly audit   'dotenv-expand': [ '5.1.0' ],
88 silly audit   'dotenv-flow': [ '3.3.0' ],
88 silly audit   dotgitignore: [ '2.1.0' ],
88 silly audit   dotignore: [ '0.1.2' ],
88 silly audit   'dunder-proto': [ '1.0.1' ],
88 silly audit   duplexer: [ '0.1.2' ],
88 silly audit   'easings-css': [ '1.0.0' ],
88 silly audit   eastasianwidth: [ '0.2.0' ],
88 silly audit   'easy-stack': [ '1.0.1' ],
88 silly audit   'ee-first': [ '1.1.1' ],
88 silly audit   'electron-to-chromium': [ '1.5.161' ],
88 silly audit   'elegant-spinner': [ '1.0.1' ],
88 silly audit   'element-ui': [ '2.15.14' ],
88 silly audit   'emojis-list': [ '3.0.0' ],
88 silly audit   encodeurl: [ '2.0.0', '1.0.2' ],
88 silly audit   encoding: [ '0.1.13' ],
88 silly audit   'end-of-stream': [ '1.4.4' ],
88 silly audit   'end-or-error': [ '1.0.1' ],
88 silly audit   'engine.io': [ '1.4.1' ],
88 silly audit   'engine.io-client': [ '1.4.1' ],
88 silly audit   'engine.io-parser': [ '1.1.0' ],
88 silly audit   'enhanced-resolve': [ '5.18.1' ],
88 silly audit   enquirer: [ '2.4.1' ],
88 silly audit   'env-paths': [ '2.2.1' ],
88 silly audit   'err-code': [ '2.0.3' ],
88 silly audit   'error-ex': [ '1.3.2' ],
88 silly audit   'error-stack-parser': [ '2.1.4' ],
88 silly audit   errorhandler: [ '1.4.3' ],
88 silly audit   errs: [ '0.2.4' ],
88 silly audit   'es-abstract': [ '1.24.0' ],
88 silly audit   'es-define-property': [ '1.0.1' ],
88 silly audit   'es-errors': [ '1.3.0' ],
88 silly audit   'es-module-lexer': [ '1.7.0' ],
88 silly audit   'es-object-atoms': [ '1.1.1' ],
88 silly audit   'es-set-tostringtag': [ '2.1.0' ],
88 silly audit   'es-shim-unscopables': [ '1.1.0' ],
88 silly audit   'es-to-primitive': [ '1.3.0' ],
88 silly audit   'es5-shim': [ '4.6.7' ],
88 silly audit   escalade: [ '3.2.0' ],
88 silly audit   'escape-html': [ '1.0.3', '1.0.2' ],
88 silly audit   eslint: [ '7.32.0', '5.16.0' ],
88 silly audit   'eslint-config-prettier': [ '6.15.0' ],
88 silly audit   'eslint-import-resolver-node': [ '0.3.9' ],
88 silly audit   'eslint-module-utils': [ '2.12.0' ],
88 silly audit   'eslint-plugin-es': [ '3.0.1' ],
88 silly audit   'eslint-plugin-import': [ '2.31.0' ],
88 silly audit   'eslint-plugin-node': [ '11.1.0' ],
88 silly audit   ignore: [ '5.3.2', '4.0.6' ],
88 silly audit   'eslint-plugin-prettier': [ '3.4.1' ],
88 silly audit   'eslint-plugin-promise': [ '4.3.1' ],
88 silly audit   'eslint-plugin-vue': [ '7.20.0' ],
88 silly audit   'eslint-scope': [ '5.1.1', '4.0.3', '3.7.3' ],
88 silly audit   'eslint-utils': [ '2.1.0', '1.4.3' ],
88 silly audit   'eslint-webpack-plugin': [ '3.2.0' ],
88 silly audit   espree: [ '7.3.1', '5.0.1', '3.5.4', '6.2.1' ],
88 silly audit   esprima: [ '4.0.1' ],
88 silly audit   esquery: [ '1.6.0' ],
88 silly audit   estraverse: [ '5.3.0', '4.3.0' ],
88 silly audit   esrecurse: [ '4.3.0' ],
88 silly audit   'estree-walker': [ '2.0.2' ],
88 silly audit   esutils: [ '2.0.3' ],
88 silly audit   etag: [ '1.8.1', '1.7.0' ],
88 silly audit   'event-pubsub': [ '4.3.0' ],
88 silly audit   eventemitter2: [ '6.4.9' ],
88 silly audit   eventemitter3: [ '4.0.7' ],
88 silly audit   events: [ '1.1.1', '3.3.0' ],
88 silly audit   'exec-sh': [ '0.4.0' ],
88 silly audit   'path-key': [ '2.0.1', '3.1.1' ],
88 silly audit   'shebang-command': [ '1.2.0', '2.0.0' ],
88 silly audit   'shebang-regex': [ '1.0.0', '3.0.0' ],
88 silly audit   which: [ '1.3.1', '2.0.2' ],
88 silly audit   'expand-brackets': [ '2.1.4' ],
88 silly audit   express: [ '4.21.2', '3.21.2' ],
88 silly audit   'express-session': [ '1.18.1', '1.11.3' ],
88 silly audit   'extend-shallow': [ '2.0.1', '3.0.2' ],
88 silly audit   'external-editor': [ '3.1.0' ],
88 silly audit   extglob: [ '2.0.4' ],
88 silly audit   'fast-deep-equal': [ '3.1.3' ],
88 silly audit   'fast-diff': [ '1.3.0' ],
88 silly audit   'fast-glob': [ '3.3.3' ],
88 silly audit   'fast-json-stable-stringify': [ '2.1.0' ],
88 silly audit   'fast-levenshtein': [ '2.0.6' ],
88 silly audit   'fast-uri': [ '3.0.6' ],
88 silly audit   'fast-xml-parser': [ '4.5.0' ],
88 silly audit   fastq: [ '1.19.1' ],
88 silly audit   'faye-websocket': [ '0.11.4' ],
88 silly audit   fecha: [ '4.2.3' ],
88 silly audit   figures: [ '2.0.0', '1.7.0', '3.2.0' ],
88 silly audit   'file-entry-cache': [ '6.0.1', '5.0.1' ],
88 silly audit   'file-saver': [ '1.3.8' ],
88 silly audit   'fill-range': [ '7.1.1', '4.0.0' ],
88 silly audit   finalhandler: [ '1.3.1', '0.4.0' ],
88 silly audit   'find-cache-dir': [ '3.3.2' ],
88 silly audit   flat: [ '5.0.2' ],
88 silly audit   'flat-cache': [ '3.2.0', '2.0.1' ],
88 silly audit   flatted: [ '3.3.3', '2.0.2' ],
88 silly audit   fmin: [ '0.0.2' ],
88 silly audit   follow: [ '0.10.3' ],
88 silly audit   'follow-redirects': [ '1.5.10' ],
88 silly audit   hoek: [ '0.4.2', '0.7.6', '0.9.1' ],
88 silly audit   'forever-agent': [ '0.2.0', '0.5.2' ],
88 silly audit   'form-data': [ '0.0.10', '0.1.4' ],
88 silly audit   hawk: [ '0.10.2', '1.0.0' ],
88 silly audit   'json-stringify-safe': [ '3.0.0', '5.0.1' ],
88 silly audit   'oauth-sign': [ '0.2.0', '0.3.0' ],
88 silly audit   request: [ '2.16.6', '2.27.0' ],
88 silly audit   sntp: [ '0.1.2', '0.2.4' ],
88 silly audit   'tunnel-agent': [ '0.2.0', '0.3.0' ],
88 silly audit   'font-awesome': [ '4.7.0' ],
88 silly audit   'for-each': [ '0.3.5' ],
88 silly audit   'for-in': [ '1.0.2' ],
88 silly audit   'foreground-child': [ '3.3.1' ],
88 silly audit   'signal-exit': [ '4.1.0', '3.0.7' ],
88 silly audit   formidable: [ '1.0.11' ],
88 silly audit   formstream: [ '0.0.7', '1.5.1' ],
88 silly audit   forwarded: [ '0.2.0', '0.1.2' ],
88 silly audit   'fraction.js': [ '4.3.7' ],
88 silly audit   'fragment-cache': [ '0.2.1' ],
88 silly audit   'fs-extra': [ '9.1.0', '8.1.0' ],
88 silly audit   'fs-minipass': [ '2.1.0' ],
88 silly audit   'fs-monkey': [ '1.0.6' ],
88 silly audit   'fs.realpath': [ '1.0.0' ],
88 silly audit   fsevents: [ '2.3.3' ],
88 silly audit   'function-bind': [ '1.1.2' ],
88 silly audit   'function.prototype.name': [ '1.1.8' ],
88 silly audit   'functional-red-black-tree': [ '1.0.1' ],
88 silly audit   'functions-have-names': [ '1.2.3' ],
88 silly audit   fuzzysearch: [ '1.0.3' ],
88 silly audit   gauge: [ '4.0.4' ],
88 silly audit   gaze: [ '1.1.3' ],
88 silly audit   gensync: [ '1.0.0-beta.2' ],
88 silly audit   'get-caller-file': [ '2.0.5' ],
88 silly audit   'get-intrinsic': [ '1.3.0' ],
88 silly audit   'get-pkg-repo': [ '4.2.1' ],
88 silly audit   through2: [ '2.0.5', '4.0.2' ],
88 silly audit   'get-proto': [ '1.0.1' ],
88 silly audit   'get-ready': [ '1.0.0' ],
88 silly audit   'get-stdin': [ '6.0.0', '4.0.1', '7.0.0' ],
88 silly audit   'get-symbol-description': [ '1.1.0' ],
88 silly audit   'get-value': [ '2.0.6' ],
88 silly audit   'git-raw-commits': [ '2.0.11' ],
88 silly audit   'git-remote-origin-url': [ '2.0.0' ],
88 silly audit   'git-semver-tags': [ '4.1.1' ],
88 silly audit   gitconfiglocal: [ '1.0.0' ],
88 silly audit   'gl-matrix': [ '3.4.3' ],
88 silly audit   'glob-to-regexp': [ '0.4.1' ],
88 silly audit   global: [ '2.0.1', '4.3.2', '4.4.0' ],
88 silly audit   globalthis: [ '1.0.4' ],
88 silly audit   globby: [ '11.1.0', '10.0.2' ],
88 silly audit   globule: [ '1.3.4' ],
88 silly audit   'good-listener': [ '1.2.2' ],
88 silly audit   gopd: [ '1.2.0' ],
88 silly audit   'graceful-fs': [ '4.2.11' ],
88 silly audit   'gzip-size': [ '6.0.0' ],
88 silly audit   'handle-thing': [ '2.0.1' ],
88 silly audit   handlebars: [ '4.7.8' ],
88 silly audit   'uglify-js': [ '3.19.3', '2.8.29' ],
88 silly audit   'hard-rejection': [ '2.1.0' ],
88 silly audit   has: [ '1.0.4' ],
88 silly audit   'has-ansi': [ '2.0.0' ],
88 silly audit   'has-bigints': [ '1.1.0' ],
88 silly audit   'has-cors': [ '1.0.3' ],
88 silly audit   'has-property-descriptors': [ '1.0.2' ],
88 silly audit   'has-proto': [ '1.2.0' ],
88 silly audit   'has-symbols': [ '1.1.0' ],
88 silly audit   'has-tostringtag': [ '1.0.2' ],
88 silly audit   'has-unicode': [ '2.0.1' ],
88 silly audit   'has-value': [ '1.0.0', '0.3.1' ],
88 silly audit   'has-values': [ '1.0.0', '0.1.4' ],
88 silly audit   'is-number': [ '3.0.0', '7.0.0' ],
88 silly audit   hasown: [ '2.0.2' ],
88 silly audit   he: [ '1.2.0' ],
88 silly audit   'highlight.js': [ '10.7.3' ],
88 silly audit   'hpack.js': [ '2.1.6' ],
88 silly audit   'html-entities': [ '2.6.0' ],
88 silly audit   'html-escaper': [ '2.0.2' ],
88 silly audit   'html-minifier-terser': [ '6.1.0' ],
88 silly audit   'html-tags': [ '2.0.0' ],
88 silly audit   'html-webpack-plugin': [ '5.6.3' ],
88 silly audit   'http-basic': [ '2.5.1' ],
88 silly audit   'http-cache-semantics': [ '4.2.0' ],
88 silly audit   'http-deceiver': [ '1.2.7' ],
88 silly audit   'http-parser-js': [ '0.5.10' ],
88 silly audit   'http-proxy': [ '1.18.1' ],
88 silly audit   'http-proxy-agent': [ '5.0.0', '4.0.1' ],
88 silly audit   'http-proxy-middleware': [ '2.0.9' ],
88 silly audit   'is-plain-obj': [ '3.0.0', '1.1.0' ],
88 silly audit   'http-response-object': [ '1.1.0' ],
88 silly audit   'http-signature': [ '0.10.1' ],
88 silly audit   'https-proxy-agent': [ '5.0.1' ],
88 silly audit   'human-signals': [ '2.1.0' ],
88 silly audit   'humanize-ms': [ '1.2.1' ],
88 silly audit   'icss-utils': [ '5.1.0' ],
88 silly audit   ieee754: [ '1.1.13' ],
88 silly audit   'image-minimizer-webpack-plugin': [ '4.1.3' ],
88 silly audit   'image-size': [ '0.5.5' ],
88 silly audit   immediate: [ '3.0.6' ],
88 silly audit   'import-fresh': [ '3.3.1' ],
88 silly audit   'import-html-entry': [ '1.17.0' ],
88 silly audit   imurmurhash: [ '0.1.4' ],
88 silly audit   'indent-string': [ '4.0.0', '3.2.0' ],
88 silly audit   indexof: [ '0.0.1' ],
88 silly audit   individual: [ '2.0.0' ],
88 silly audit   'infer-owner': [ '1.0.4' ],
88 silly audit   inflection: [ '1.2.7' ],
88 silly audit   inflight: [ '1.0.6' ],
88 silly audit   inherits: [ '2.0.4', '2.0.3' ],
88 silly audit   ini: [ '1.3.8' ],
88 silly audit   inquirer: [ '6.5.2' ],
88 silly audit   'is-fullwidth-code-point': [ '2.0.0', '4.0.0', '1.0.0', '3.0.0' ],
88 silly audit   'mimic-fn': [ '1.2.0', '2.1.0' ],
88 silly audit   onetime: [ '2.0.1', '5.1.2' ],
88 silly audit   'restore-cursor': [ '2.0.0', '3.1.0' ],
88 silly audit   rxjs: [ '6.6.7', '7.8.2' ],
88 silly audit   'internal-slot': [ '1.1.0' ],
88 silly audit   invariant: [ '2.2.4' ],
88 silly audit   'ip-address': [ '9.0.5' ],
88 silly audit   'sprintf-js': [ '1.1.3', '1.0.3' ],
88 silly audit   'ipaddr.js': [ '1.9.1', '1.0.5', '2.2.0' ],
88 silly audit   'is-accessor-descriptor': [ '1.0.1' ],
88 silly audit   'is-arguments': [ '1.2.0' ],
88 silly audit   'is-array-buffer': [ '3.0.5' ],
88 silly audit   'is-arrayish': [ '0.2.1' ],
88 silly audit   'is-async-function': [ '2.1.1' ],
88 silly audit   'is-bigint': [ '1.1.0' ],
88 silly audit   'is-binary-path': [ '2.1.0' ],
88 silly audit   'is-boolean-object': [ '1.2.2' ],
88 silly audit   'is-callable': [ '1.2.7' ],
88 silly audit   'is-ci': [ '1.2.1' ],
88 silly audit   'is-class-hotfix': [ '0.0.6' ],
88 silly audit   'is-core-module': [ '2.16.1' ],
88 silly audit   'is-data-descriptor': [ '1.0.1' ],
88 silly audit   'is-data-view': [ '1.0.2' ],
88 silly audit   'is-date-object': [ '1.1.0' ],
88 silly audit   'is-docker': [ '2.2.1' ],
88 silly audit   'is-extendable': [ '0.1.1', '1.0.1' ],
88 silly audit   'is-extglob': [ '2.1.1' ],
88 silly audit   'is-file-esm': [ '1.0.0' ],
88 silly audit   'is-finalizationregistry': [ '1.1.1' ],
88 silly audit   'is-function': [ '1.0.2' ],
88 silly audit   'is-generator-function': [ '1.1.0' ],
88 silly audit   'is-glob': [ '4.0.3' ],
88 silly audit   'is-interactive': [ '1.0.0' ],
88 silly audit   'is-lambda': [ '1.0.1' ],
88 silly audit   'is-map': [ '2.0.3' ],
88 silly audit   'is-negative-zero': [ '2.0.3' ],
88 silly audit   'is-number-object': [ '1.1.1' ],
88 silly audit   'is-obj': [ '2.0.0' ],
88 silly audit   'is-observable': [ '1.1.0' ],
88 silly audit   'is-plain-object': [ '2.0.4' ],
88 silly audit   'is-promise': [ '2.2.2' ],
88 silly audit   'is-regex': [ '1.2.1', '1.1.4' ],
88 silly audit   'is-set': [ '2.0.3' ],
88 silly audit   'is-shared-array-buffer': [ '1.0.4' ],
88 silly audit   'is-string': [ '1.1.1' ],
88 silly audit   'is-symbol': [ '1.1.1' ],
88 silly audit   'is-text-path': [ '1.0.1' ],
88 silly audit   'is-type-of': [ '1.4.0' ],
88 silly audit   'is-typed-array': [ '1.1.15' ],
88 silly audit   'is-unicode-supported': [ '0.1.0' ],
88 silly audit   'is-weakmap': [ '2.0.2' ],
88 silly audit   'is-weakref': [ '1.1.1' ],
88 silly audit   'is-weakset': [ '2.0.4' ],
88 silly audit   'is-windows': [ '1.0.2' ],
88 silly audit   'is-wsl': [ '2.2.0' ],
88 silly audit   isarray: [ '1.0.0', '2.0.5', '0.0.1' ],
88 silly audit   isexe: [ '2.0.0' ],
88 silly audit   isobject: [ '3.0.1', '2.1.0' ],
88 silly audit   isstream: [ '0.1.2' ],
88 silly audit   jackspeak: [ '3.4.3' ],
88 silly audit   'javascript-stringify': [ '2.1.0' ],
88 silly audit   'jest-util': [ '29.7.0' ],
88 silly audit   jiti: [ '1.21.7' ],
88 silly audit   jmespath: [ '0.16.0' ],
88 silly audit   joi: [ '17.13.3' ],
88 silly audit   'js-base64': [ '2.6.4' ],
88 silly audit   'js-message': [ '1.0.7' ],
88 silly audit   'js-yaml': [ '3.14.1' ],
88 silly audit   jsbn: [ '1.1.0' ],
88 silly audit   'json-buffer': [ '3.0.1' ],
88 silly audit   'json-parse-better-errors': [ '1.0.2' ],
88 silly audit   'json-parse-even-better-errors': [ '2.3.1' ],
88 silly audit   'json-stable-stringify-without-jsonify': [ '1.0.1' ],
88 silly audit   json2csv: [ '4.5.4' ],
88 silly audit   json2module: [ '0.0.3' ],
88 silly audit   json5: [ '2.2.3', '1.0.2' ],
88 silly audit   jsonfile: [ '6.1.0', '4.0.0' ],
88 silly audit   jsonp: [ '0.2.1' ],
88 silly audit   jsonparse: [ '1.3.1' ],
88 silly audit   JSONStream: [ '1.3.5' ],
88 silly audit   jstoxml: [ '2.2.9' ],
88 silly audit   jszip: [ '3.10.1' ],
88 silly audit   jugglingdb: [ '0.2.4' ],
88 silly audit   'jugglingdb-nano': [ '0.0.3-pre' ],
88 silly audit   lodash: [ '2.4.2', '4.17.21' ],
88 silly audit   keyv: [ '4.5.4' ],
88 silly audit   klona: [ '2.0.6' ],
88 silly audit   'launch-editor': [ '2.10.0' ],
88 silly audit   'launch-editor-middleware': [ '2.10.0' ],
88 silly audit   'lazy-cache': [ '1.0.4' ],
88 silly audit   levn: [ '0.4.1', '0.3.0' ],
88 silly audit   lie: [ '3.3.0' ],
88 silly audit   'lines-and-columns': [ '1.2.4' ],
88 silly audit   'lint-staged': [ '12.5.0' ],
88 silly audit   listr: [ '0.14.3' ],
88 silly audit   'listr-silent-renderer': [ '1.1.1' ],
88 silly audit   'listr-update-renderer': [ '0.5.0' ],
88 silly audit   'log-symbols': [ '1.0.2', '4.1.0' ],
88 silly audit   'log-update': [ '2.3.0', '4.0.0' ],
88 silly audit   'slice-ansi': [ '0.0.4', '3.0.0', '4.0.0', '2.1.0', '5.0.0' ],
88 silly audit   'listr-verbose-renderer': [ '0.5.0' ],
88 silly audit   'p-map': [ '2.1.0', '4.0.0' ],
88 silly audit   listr2: [ '4.0.5' ],
88 silly audit   'load-json-file': [ '4.0.0' ],
88 silly audit   'parse-json': [ '4.0.0', '5.2.0' ],
88 silly audit   'loader-runner': [ '4.3.0' ],
88 silly audit   'lodash-es': [ '4.17.21' ],
88 silly audit   'lodash.debounce': [ '4.0.8' ],
88 silly audit   'lodash.defaultsdeep': [ '4.6.1' ],
88 silly audit   'lodash.get': [ '4.4.2' ],
88 silly audit   'lodash.ismatch': [ '4.4.0' ],
88 silly audit   'lodash.kebabcase': [ '4.1.1' ],
88 silly audit   'lodash.mapvalues': [ '4.6.0' ],
88 silly audit   'lodash.memoize': [ '4.1.2' ],
88 silly audit   'lodash.merge': [ '4.6.2' ],
88 silly audit   'lodash.truncate': [ '4.4.2' ],
88 silly audit   'lodash.unescape': [ '4.0.1' ],
88 silly audit   'lodash.uniq': [ '4.5.0' ],
88 silly audit   loglevel: [ '1.9.2' ],
88 silly audit   'loglevel-colored-level-prefix': [ '1.0.0' ],
88 silly audit   longest: [ '1.0.1' ],
88 silly audit   'loose-envify': [ '1.4.0' ],
88 silly audit   'lower-case': [ '2.0.2' ],
88 silly audit   'm3u8-parser': [ '2.1.0' ],
88 silly audit   'magic-string': [ '0.30.17' ],
88 silly audit   'make-dir': [ '3.1.0' ],
88 silly audit   'make-fetch-happen': [ '10.2.1', '9.1.0' ],
88 silly audit   'make-plural': [ '4.3.0' ],
88 silly audit   'map-cache': [ '0.2.2' ],
88 silly audit   'map-visit': [ '1.0.0' ],
88 silly audit   'material-colors': [ '1.2.6' ],
88 silly audit   'math-intrinsics': [ '1.1.0' ],
88 silly audit   'media-typer': [ '0.3.0' ],
88 silly audit   memfs: [ '3.5.3' ],
88 silly audit   'merge-descriptors': [ '1.0.3', '1.0.0' ],
88 silly audit   'merge-options': [ '1.0.1' ],
88 silly audit   'merge-source-map': [ '1.1.0' ],
88 silly audit   'merge-stream': [ '2.0.0' ],
88 silly audit   merge2: [ '1.4.1' ],
88 silly audit   messageformat: [ '2.3.0' ],
88 silly audit   'messageformat-formatters': [ '2.0.1' ],
88 silly audit   'messageformat-parser': [ '4.1.3' ],
88 silly audit   'method-override': [ '2.3.10' ],
88 silly audit   methods: [ '1.1.2' ],
88 silly audit   micromatch: [ '4.0.8', '3.1.0' ],
88 silly audit   'mime-db': [ '1.52.0' ],
88 silly audit   'mime-types': [ '2.1.35' ],
88 silly audit   'min-document': [ '2.19.0' ],
88 silly audit   'min-indent': [ '1.0.1' ],
88 silly audit   'mini-css-extract-plugin': [ '2.9.2' ],
88 silly audit   'minimalistic-assert': [ '1.0.1' ],
88 silly audit   minimist: [ '1.2.8', '0.0.8' ],
88 silly audit   'minimist-options': [ '4.1.0' ],
88 silly audit   minipass: [ '3.3.6', '7.1.2', '5.0.0' ],
88 silly audit   'minipass-collect': [ '1.0.2' ],
88 silly audit   'minipass-fetch': [ '2.1.2', '1.4.1' ],
88 silly audit   'minipass-flush': [ '1.0.5' ],
88 silly audit   'minipass-pipeline': [ '1.2.4' ],
88 silly audit   'minipass-sized': [ '1.0.3' ],
88 silly audit   minizlib: [ '2.1.2' ],
88 silly audit   mitt: [ '1.1.2' ],
88 silly audit   'mixin-deep': [ '1.3.2' ],
88 silly audit   mkdirp: [ '1.0.4', '0.5.6', '0.5.1' ],
88 silly audit   'mock-property': [ '1.0.3' ],
88 silly audit   'modify-values': [ '1.0.1' ],
88 silly audit   'module-alias': [ '2.2.3' ],
88 silly audit   moment: [ '2.30.1' ],
88 silly audit   morgan: [ '1.6.1' ],
88 silly audit   'on-finished': [ '2.3.0', '2.4.1' ],
88 silly audit   mrmime: [ '2.0.1' ],
88 silly audit   mschema: [ '0.5.6' ],
88 silly audit   'mschema-rpc': [ '0.7.0' ],
88 silly audit   'multicast-dns': [ '7.2.5' ],
88 silly audit   multiparty: [ '3.3.2' ],
88 silly audit   string_decoder: [ '0.10.31', '1.1.1' ],
88 silly audit   'mute-stream': [ '0.0.7' ],
88 silly audit   'mux.js': [ '4.3.2' ],
88 silly audit   mz: [ '2.7.0' ],
88 silly audit   nan: [ '2.22.2', '0.3.2' ],
88 silly audit   nano: [ '4.2.1' ],
88 silly audit   nanoid: [ '2.1.11', '3.3.11' ],
88 silly audit   nanomatch: [ '1.2.13' ],
88 silly audit   'natural-compare': [ '1.4.0' ],
88 silly audit   'neo-async': [ '2.6.2' ],
88 silly audit   'nice-try': [ '1.0.5' ],
88 silly audit   'no-case': [ '3.0.4' ],
88 silly audit   'node-fetch': [ '2.7.0' ],
88 silly audit   'node-forge': [ '1.3.1' ],
88 silly audit   'node-gyp': [ '8.4.1' ],
88 silly audit   'socks-proxy-agent': [ '6.2.1', '7.0.0' ],
88 silly audit   'unique-filename': [ '1.1.1', '2.0.1' ],
88 silly audit   'unique-slug': [ '2.0.2', '3.0.0' ],
88 silly audit   'node-hex': [ '1.0.1' ],
88 silly audit   'node-releases': [ '2.0.19' ],
88 silly audit   'node-sass': [ '9.0.0' ],
88 silly audit   'node-sass-js-importer': [ '4.0.3' ],
88 silly audit   'node-uuid': [ '1.4.8' ],
88 silly audit   nopt: [ '5.0.0' ],
88 silly audit   'normalize-path': [ '3.0.0', '1.0.0' ],
88 silly audit   'normalize-range': [ '0.1.2' ],
88 silly audit   'normalize-url': [ '6.1.0' ],
88 silly audit   'normalize-wheel': [ '1.0.1' ],
88 silly audit   npmlog: [ '6.0.2' ],
88 silly audit   nprogress: [ '0.2.0' ],
88 silly audit   'nth-check': [ '2.1.1' ],
88 silly audit   'number-is-nan': [ '1.0.1' ],
88 silly audit   'object-assign': [ '4.1.1' ],
88 silly audit   'object-copy': [ '0.1.0' ],
88 silly audit   'object-hash': [ '3.0.0' ],
88 silly audit   'object-inspect': [ '1.13.4', '1.12.3' ],
88 silly audit   'object-is': [ '1.1.6' ],
88 silly audit   'object-keys': [ '1.1.1' ],
88 silly audit   'object-visit': [ '1.0.1' ],
88 silly audit   'object.assign': [ '4.1.7' ],
88 silly audit   'object.fromentries': [ '2.0.8' ],
88 silly audit   'object.groupby': [ '1.0.3' ],
88 silly audit   'object.pick': [ '1.3.0' ],
88 silly audit   'object.values': [ '1.2.1' ],
88 silly audit   obuf: [ '1.1.2' ],
88 silly audit   'on-headers': [ '1.0.2' ],
88 silly audit   once: [ '1.4.0' ],
88 silly audit   open: [ '8.4.2' ],
88 silly audit   opener: [ '1.5.2' ],
88 silly audit   optionator: [ '0.9.4', '0.8.3' ],
88 silly audit   options: [ '0.0.6' ],
88 silly audit   ora: [ '5.4.1' ],
88 silly audit   'os-name': [ '1.0.3' ],
88 silly audit   'os-tmpdir': [ '1.0.2' ],
88 silly audit   'osx-release': [ '1.1.0' ],
88 silly audit   'own-keys': [ '1.0.1' ],
88 silly audit   'p-finally': [ '1.0.0' ],
88 silly audit   'p-retry': [ '4.6.2' ],
88 silly audit   retry: [ '0.13.1', '0.12.0' ],
88 silly audit   'package-json-from-dist': [ '1.0.1' ],
88 silly audit   pako: [ '1.0.11' ],
88 silly audit   'param-case': [ '3.0.4' ],
88 silly audit   'parent-module': [ '1.0.1' ],
88 silly audit   'parse-headers': [ '2.0.6' ],
88 silly audit   parse5: [ '5.1.1', '6.0.1' ],
88 silly audit   'parse5-htmlparser2-tree-adapter': [ '6.0.1' ],
88 silly audit   parsejson: [ '0.0.1' ],
88 silly audit   parseqs: [ '0.0.2' ],
88 silly audit   parseuri: [ '0.0.4' ],
88 silly audit   parseurl: [ '1.3.3' ],
88 silly audit   'pascal-case': [ '3.1.2' ],
88 silly audit   pascalcase: [ '0.1.1' ],
88 silly audit   passport: [ '0.2.2' ],
88 silly audit   'passport-strategy': [ '1.0.0' ],
88 silly audit   'path-is-absolute': [ '1.0.1' ],
88 silly audit   'path-is-inside': [ '1.0.2' ],
88 silly audit   'path-parse': [ '1.0.7' ],
88 silly audit   'path-scurry': [ '1.11.1' ],
88 silly audit   'path-to-regexp': [ '0.1.12' ],
88 silly audit   pause: [ '0.0.1', '0.1.0' ],
88 silly audit   'pause-stream': [ '0.0.11' ],
88 silly audit   pdfast: [ '0.2.0' ],
88 silly audit   picomatch: [ '2.3.1' ],
88 silly audit   pidtree: [ '0.5.0' ],
88 silly audit   pirates: [ '4.0.7' ],
88 silly audit   pkcs7: [ '0.2.3' ],
88 silly audit   'pkg-dir': [ '4.2.0' ],
88 silly audit   platform: [ '1.3.6' ],
88 silly audit   portfinder: [ '1.0.37' ],
88 silly audit   'posix-character-classes': [ '0.1.1' ],
88 silly audit   'possible-typed-array-names': [ '1.1.0' ],
88 silly audit   'postcss-import': [ '15.1.0' ],
88 silly audit   'postcss-js': [ '4.0.1' ],
88 silly audit   'postcss-load-config': [ '4.0.2' ],
88 silly audit   yaml: [ '2.8.0', '1.10.2' ],
88 silly audit   'postcss-loader': [ '6.2.1' ],
88 silly audit   'postcss-modules-extract-imports': [ '3.1.0' ],
88 silly audit   'postcss-modules-local-by-default': [ '4.2.0' ],
88 silly audit   'postcss-modules-scope': [ '3.2.1' ],
88 silly audit   'postcss-modules-values': [ '4.0.0' ],
88 silly audit   'postcss-nested': [ '6.2.0' ],
88 silly audit   'postcss-prefix-selector': [ '1.16.1' ],
88 silly audit   'postcss-value-parser': [ '4.2.0' ],
88 silly audit   posthtml: [ '0.9.2' ],
88 silly audit   'posthtml-parser': [ '0.2.1' ],
88 silly audit   'posthtml-rename-id': [ '1.0.12' ],
88 silly audit   'posthtml-render': [ '1.4.0' ],
88 silly audit   'posthtml-svg-mode': [ '1.0.3' ],
88 silly audit   'prelude-ls': [ '1.2.1', '1.1.2' ],
88 silly audit   prettier: [ '2.8.8', '1.19.1' ],
88 silly audit   'prettier-eslint': [ '13.0.0', '9.0.2' ],
88 silly audit   'prettier-eslint-cli': [ '5.0.1' ],
88 silly audit   regexpp: [ '2.0.1', '3.2.0' ],
88 silly audit   rimraf: [ '2.6.3', '3.0.2' ],
88 silly audit   'strip-json-comments': [ '2.0.1', '3.1.1' ],
88 silly audit   table: [ '5.4.6', '6.9.0' ],
88 silly audit   'type-check': [ '0.3.2', '0.4.0' ],
88 silly audit   'vue-eslint-parser': [ '2.0.3', '7.1.1', '7.11.0' ],
88 silly audit   y18n: [ '4.0.3', '5.0.8' ],
88 silly audit   yargs: [ '13.3.2', '17.7.2', '3.10.0', '16.2.0' ],
88 silly audit   'yargs-parser': [ '13.1.2', '21.1.1', '20.2.9' ],
88 silly audit   'prettier-linter-helpers': [ '1.0.0' ],
88 silly audit   'pretty-error': [ '4.0.0' ],
88 silly audit   'pretty-format': [ '23.6.0' ],
88 silly audit   private: [ '0.1.8' ],
88 silly audit   process: [ '0.5.2', '0.11.10' ],
88 silly audit   'process-nextick-args': [ '2.0.1' ],
88 silly audit   progress: [ '2.0.3' ],
88 silly audit   'progress-webpack-plugin': [ '1.0.16' ],
88 silly audit   promise: [ '7.3.1' ],
88 silly audit   'promise-inflight': [ '1.0.1' ],
88 silly audit   'promise-retry': [ '2.0.1' ],
88 silly audit   'proxy-addr': [ '2.0.7', '1.0.10' ],
88 silly audit   pseudomap: [ '1.0.2' ],
88 silly audit   pump: [ '3.0.2' ],
88 silly audit   punycode: [ '2.3.1', '1.3.2' ],
88 silly audit   q: [ '1.5.1' ],
88 silly audit   qiankun: [ '2.10.16' ],
88 silly audit   qiniu: [ '6.1.13' ],
88 silly audit   'qiniu-js': [ '2.5.5' ],
88 silly audit   'qiniu-webpack-plugin': [ '0.4.2' ],
88 silly audit   slash: [ '1.0.0', '3.0.0' ],
88 silly audit   urllib: [ '0.5.1', '2.44.0' ],
88 silly audit   'query-string': [ '4.3.4' ],
88 silly audit   querystring: [ '0.2.0' ],
88 silly audit   'queue-microtask': [ '1.2.3' ],
88 silly audit   'quick-lru': [ '4.0.1' ],
88 silly audit   'random-bytes': [ '1.0.0' ],
88 silly audit   randombytes: [ '2.1.0' ],
88 silly audit   'raw-body': [ '2.5.2', '2.1.7' ],
88 silly audit   'read-cache': [ '1.0.0' ],
88 silly audit   readdirp: [ '3.6.0' ],
88 silly audit   redent: [ '3.0.0' ],
88 silly audit   'reflect.getprototypeof': [ '1.0.10' ],
88 silly audit   regenerate: [ '1.4.2' ],
88 silly audit   'regenerate-unicode-properties': [ '10.2.0' ],
88 silly audit   'regenerator-runtime': [ '0.11.1' ],
88 silly audit   'regenerator-transform': [ '0.10.1' ],
88 silly audit   'regex-not': [ '1.0.2' ],
88 silly audit   'regexp.prototype.flags': [ '1.5.4' ],
88 silly audit   relateurl: [ '0.2.7' ],
88 silly audit   renderkid: [ '3.0.0' ],
88 silly audit   'repeat-element': [ '1.1.4' ],
88 silly audit   'repeat-string': [ '1.6.1' ],
88 silly audit   'require-directory': [ '2.1.1' ],
88 silly audit   'require-from-string': [ '2.0.2' ],
88 silly audit   'require-main-filename': [ '2.0.0' ],
88 silly audit   'require-relative': [ '0.8.7' ],
88 silly audit   'requires-port': [ '1.0.0' ],
88 silly audit   'resize-observer-polyfill': [ '1.5.1' ],
88 silly audit   resolve: [ '1.22.10' ],
88 silly audit   'resolve-from': [ '4.0.0' ],
88 silly audit   'resolve-url': [ '0.2.1' ],
88 silly audit   resource: [ '0.5.7', '0.8.1' ],
88 silly audit   'resource-http': [ '0.6.1', '0.5.1' ],
88 silly audit   'resource-mesh': [ '0.5.1' ],
88 silly audit   'serve-favicon': [ '2.3.2', '2.5.0' ],
88 silly audit   'serve-index': [ '1.7.3', '1.9.1' ],
88 silly audit   'serve-static': [ '1.10.3', '1.16.2' ],
88 silly audit   'utils-merge': [ '1.0.0', '1.0.1' ],
88 silly audit   vary: [ '1.0.1', '1.1.2' ],
88 silly audit   'response-time': [ '2.3.3' ],
88 silly audit   ret: [ '0.1.15' ],
88 silly audit   reusify: [ '1.1.0' ],
88 silly audit   rfdc: [ '1.4.1' ],
88 silly audit   'right-align': [ '0.1.3' ],
88 silly audit   rndm: [ '1.2.0' ],
88 silly audit   rollup: [ '0.25.8' ],
88 silly audit   'run-async': [ '2.4.1' ],
88 silly audit   'run-parallel': [ '1.2.0' ],
88 silly audit   'rust-result': [ '1.0.0' ],
88 silly audit   rw: [ '1.3.3' ],
88 silly audit   'safe-array-concat': [ '1.1.3' ],
88 silly audit   'safe-json-parse': [ '4.0.0' ],
88 silly audit   'safe-push-apply': [ '1.0.0' ],
88 silly audit   'safe-regex': [ '1.1.0' ],
88 silly audit   'safe-regex-test': [ '1.1.0' ],
88 silly audit   'safer-buffer': [ '2.1.2' ],
88 silly audit   sass: [ '1.32.8' ],
88 silly audit   'sass-graph': [ '4.0.1' ],
88 silly audit   'sass-loader': [ '10.5.2' ],
88 silly audit   sax: [ '1.2.1' ],
88 silly audit   'scss-tokenizer': [ '0.4.3' ],
88 silly audit   'source-map': [ '0.7.4', '0.5.7', '0.6.1', '0.1.32' ],
88 silly audit   'sdk-base': [ '2.0.1' ],
88 silly audit   select: [ '1.1.2' ],
88 silly audit   'select-hose': [ '2.0.0' ],
88 silly audit   selfsigned: [ '2.4.1' ],
88 silly audit   'serialize-javascript': [ '6.0.2' ],
88 silly audit   setprototypeof: [ '1.1.0', '1.2.0' ],
88 silly audit   'set-blocking': [ '2.0.0' ],
88 silly audit   'set-function-length': [ '1.2.2' ],
88 silly audit   'set-function-name': [ '2.0.2' ],
88 silly audit   'set-proto': [ '1.0.0' ],
88 silly audit   'set-value': [ '2.0.1' ],
88 silly audit   setimmediate: [ '1.0.5' ],
88 silly audit   'shallow-clone': [ '3.0.1' ],
88 silly audit   'shell-quote': [ '1.8.2' ],
88 silly audit   'side-channel': [ '1.1.0' ],
88 silly audit   'side-channel-list': [ '1.0.0' ],
88 silly audit   'side-channel-map': [ '1.0.1' ],
88 silly audit   'side-channel-weakmap': [ '1.0.2' ],
88 silly audit   'single-spa': [ '5.9.5' ],
88 silly audit   sirv: [ '2.0.4' ],
88 silly audit   'size-sensor': [ '1.0.2' ],
88 silly audit   'smart-buffer': [ '4.2.0' ],
88 silly audit   snapdragon: [ '0.8.2' ],
88 silly audit   'snapdragon-node': [ '2.1.1' ],
88 silly audit   'snapdragon-util': [ '3.0.1' ],
88 silly audit   sockjs: [ '0.3.24' ],
88 silly audit   uuid: [ '8.3.2', '8.0.0' ],
88 silly audit   socks: [ '2.8.4' ],
88 silly audit   sortablejs: [ '1.10.2' ],
88 silly audit   'source-map-js': [ '1.2.1' ],
88 silly audit   'source-map-resolve': [ '0.5.3' ],
88 silly audit   'source-map-support': [ '0.3.3', '0.5.21' ],
88 silly audit   'source-map-url': [ '0.4.1' ],
88 silly audit   'spdx-correct': [ '3.2.0' ],
88 silly audit   'spdx-exceptions': [ '2.5.0' ],
88 silly audit   'spdx-expression-parse': [ '3.0.1' ],
88 silly audit   'spdx-license-ids': [ '3.0.21' ],
88 silly audit   spdy: [ '4.0.2' ],
88 silly audit   'spdy-transport': [ '3.0.0' ],
88 silly audit   split: [ '1.0.1' ],
88 silly audit   'split-string': [ '3.1.0' ],
88 silly audit   split2: [ '3.2.2' ],
88 silly audit   stable: [ '0.1.8' ],
88 silly audit   stackframe: [ '1.3.4' ],
88 silly audit   'standard-version': [ '9.5.0' ],
88 silly audit   'static-extend': [ '0.1.2' ],
88 silly audit   'stdout-stream': [ '1.4.1' ],
88 silly audit   'stop-iteration-iterator': [ '1.1.0' ],
88 silly audit   'stream-counter': [ '0.2.0' ],
88 silly audit   'stream-http': [ '2.8.2' ],
88 silly audit   'stream-wormhole': [ '1.1.0' ],
88 silly audit   'strict-uri-encode': [ '1.1.0' ],
88 silly audit   'string-argv': [ '0.3.2' ],
88 silly audit   'string.prototype.trim': [ '1.2.10' ],
88 silly audit   'string.prototype.trimend': [ '1.0.9' ],
88 silly audit   'string.prototype.trimstart': [ '1.0.8' ],
88 silly audit   'stringify-package': [ '1.0.1' ],
88 silly audit   'strip-bom': [ '3.0.0' ],
88 silly audit   'strip-eof': [ '1.0.0' ],
88 silly audit   'strip-final-newline': [ '2.0.0' ],
88 silly audit   'strip-indent': [ '3.0.0', '2.0.0' ],
88 silly audit   strnum: [ '1.1.2' ],
88 silly audit   sucrase: [ '3.35.0' ],
88 silly audit   'supports-preserve-symlinks-flag': [ '1.0.0' ],
88 silly audit   'svg-baker': [ '1.7.0' ],
88 silly audit   'svg-baker-runtime': [ '1.4.7' ],
88 silly audit   'to-regex-range': [ '2.1.1', '5.0.1' ],
88 silly audit   'svg-sprite-loader': [ '6.0.11' ],
88 silly audit   'svg-tags': [ '1.0.0' ],
88 silly audit   'symbol-observable': [ '1.2.0' ],
88 silly audit   'sync-request': [ '3.0.1' ],
88 silly audit   tailwindcss: [ '3.4.17' ],
88 silly audit   tapable: [ '2.2.2' ],
88 silly audit   tape: [ '4.17.0' ],
88 silly audit   tar: [ '6.2.1' ],
88 silly audit   terser: [ '5.40.0' ],
88 silly audit   'terser-webpack-plugin': [ '5.3.14' ],
88 silly audit   'text-extensions': [ '1.9.0' ],
88 silly audit   'text-table': [ '0.2.0' ],
88 silly audit   'then-request': [ '2.2.0' ],
88 silly audit   thenify: [ '3.3.1' ],
88 silly audit   'thenify-all': [ '1.6.0' ],
88 silly audit   'thread-loader': [ '3.0.4' ],
88 silly audit   'throttle-debounce': [ '1.1.0' ],
88 silly audit   through: [ '2.3.8' ],
88 silly audit   thunky: [ '1.1.0' ],
88 silly audit   'tiny-emitter': [ '2.1.0' ],
88 silly audit   tinycolor: [ '0.0.1' ],
88 silly audit   tmp: [ '0.0.33' ],
88 silly audit   'to-arraybuffer': [ '1.0.1' ],
88 silly audit   'to-fast-properties': [ '1.0.3' ],
88 silly audit   'to-object-path': [ '0.3.0' ],
88 silly audit   'to-regex': [ '3.0.2' ],
88 silly audit   toidentifier: [ '1.0.1' ],
88 silly audit   totalist: [ '3.0.1' ],
88 silly audit   tr46: [ '0.0.3' ],
88 silly audit   traverse: [ '0.6.11' ],
88 silly audit   'trim-newlines': [ '3.0.1' ],
88 silly audit   'true-case-path': [ '2.2.1' ],
88 silly audit   'ts-interface-checker': [ '0.1.13' ],
88 silly audit   'tsconfig-paths': [ '3.15.0' ],
88 silly audit   tsml: [ '1.0.1' ],
88 silly audit   tsscmp: [ '1.0.5' ],
88 silly audit   tsutils: [ '3.21.0' ],
88 silly audit   'type-is': [ '1.6.18' ],
88 silly audit   'typed-array-buffer': [ '1.0.3' ],
88 silly audit   'typed-array-byte-length': [ '1.0.3' ],
88 silly audit   'typed-array-byte-offset': [ '1.0.4' ],
88 silly audit   'typed-array-length': [ '1.0.7' ],
88 silly audit   typedarray: [ '0.0.6' ],
88 silly audit   'typedarray.prototype.slice': [ '1.0.5' ],
88 silly audit   typescript: [ '3.9.10' ],
88 silly audit   wordwrap: [ '0.0.2', '1.0.0' ],
88 silly audit   'uglify-to-browserify': [ '1.0.2' ],
88 silly audit   'unbox-primitive': [ '1.1.0' ],
88 silly audit   underscore: [ '1.5.2' ],
88 silly audit   'undici-types': [ '6.21.0' ],
88 silly audit   unescape: [ '1.0.1' ],
88 silly audit   'unicode-canonical-property-names-ecmascript': [ '2.0.1' ],
88 silly audit   'unicode-match-property-ecmascript': [ '2.0.0' ],
88 silly audit   'unicode-match-property-value-ecmascript': [ '2.2.0' ],
88 silly audit   'unicode-property-aliases-ecmascript': [ '2.1.0' ],
88 silly audit   unidecode: [ '0.1.8' ],
88 silly audit   'union-value': [ '1.0.1' ],
88 silly audit   universalify: [ '2.0.1', '0.1.2' ],
88 silly audit   unpipe: [ '1.0.0' ],
88 silly audit   'unset-value': [ '1.0.0' ],
88 silly audit   'update-browserslist-db': [ '1.1.3' ],
88 silly audit   'uri-js': [ '4.4.1' ],
88 silly audit   urix: [ '0.1.0' ],
88 silly audit   url: [ '0.10.3' ],
88 silly audit   'url-slug': [ '2.0.0' ],
88 silly audit   'url-toolkit': [ '2.2.5' ],
88 silly audit   use: [ '3.1.1' ],
88 silly audit   utf8: [ '2.0.0' ],
88 silly audit   util: [ '0.12.5' ],
88 silly audit   'util-deprecate': [ '1.0.2' ],
88 silly audit   utila: [ '0.4.0' ],
88 silly audit   utility: [ '1.18.0' ],
88 silly audit   'v8-compile-cache': [ '2.4.0' ],
88 silly audit   'validate-npm-package-license': [ '3.0.4' ],
88 silly audit   vhost: [ '3.0.2' ],
88 silly audit   'video.js': [ '6.13.0' ],
88 silly audit   'videojs-contrib-hls': [ '5.15.0' ],
88 silly audit   'videojs-contrib-media-sources': [ '4.7.2' ],
88 silly audit   'videojs-flash': [ '2.2.1' ],
88 silly audit   'videojs-font': [ '2.1.0' ],
88 silly audit   'videojs-hotkeys': [ '0.2.30' ],
88 silly audit   'videojs-ie8': [ '1.1.2' ],
88 silly audit   'videojs-swf': [ '5.4.2' ],
88 silly audit   'videojs-vtt.js': [ '0.12.6' ],
88 silly audit   view: [ '0.6.1' ],
88 silly audit   vue: [ '2.7.16' ],
88 silly audit   'vue-clipboard2': [ '0.3.3' ],
88 silly audit   'vue-cropper': [ '0.5.11' ],
88 silly audit   'vue-hot-reload-api': [ '2.3.4' ],
88 silly audit   'vue-hotzone': [ '1.1.0' ],
88 silly audit   'vue-html5-editor': [ '1.1.1' ],
88 silly audit   'vue-reactive-provide': [ '0.3.0' ],
88 silly audit   'vue-router': [ '3.6.5' ],
88 silly audit   'vue-style-loader': [ '4.1.3' ],
88 silly audit   'vue-template-compiler': [ '2.7.16' ],
88 silly audit   'vue-template-es2015-compiler': [ '1.9.1' ],
88 silly audit   'vue-video-player': [ '5.0.2' ],
88 silly audit   vuedraggable: [ '2.24.3' ],
88 silly audit   vuex: [ '3.6.2' ],
88 silly audit   'vuex-persist': [ '3.1.3' ],
88 silly audit   'watch-size': [ '2.0.0' ],
88 silly audit   watchpack: [ '2.4.4' ],
88 silly audit   wbuf: [ '1.7.3' ],
88 silly audit   wcwidth: [ '1.0.1' ],
88 silly audit   'webidl-conversions': [ '3.0.1' ],
88 silly audit   webpack: [ '5.99.9' ],
88 silly audit   'webpack-aliyun-oss': [ '0.3.13' ],
88 silly audit   'webpack-bundle-analyzer': [ '4.10.2' ],
88 silly audit   ws: [ '7.5.10', '8.18.2', '0.4.31' ],
88 silly audit   'webpack-chain': [ '6.5.1' ],
88 silly audit   'webpack-dev-middleware': [ '5.3.4' ],
88 silly audit   'webpack-dev-server': [ '4.15.2' ],
88 silly audit   'webpack-merge': [ '5.10.0' ],
88 silly audit   'webpack-sources': [ '3.3.0' ],
88 silly audit   'webpack-virtual-modules': [ '0.4.6' ],
88 silly audit   'websocket-driver': [ '0.7.4' ],
88 silly audit   'websocket-extensions': [ '0.1.4' ],
88 silly audit   webwackify: [ '0.1.6' ],
88 silly audit   'whatwg-fetch': [ '3.6.20' ],
88 silly audit   'whatwg-url': [ '5.0.0' ],
88 silly audit   'which-boxed-primitive': [ '1.1.1' ],
88 silly audit   'which-builtin-type': [ '1.2.1' ],
88 silly audit   'which-collection': [ '1.0.2' ],
88 silly audit   'which-module': [ '2.0.1' ],
88 silly audit   'which-typed-array': [ '1.1.19' ],
88 silly audit   'wide-align': [ '1.1.5' ],
88 silly audit   wildcard: [ '2.0.1' ],
88 silly audit   'win-release': [ '1.1.1' ],
88 silly audit   'window-size': [ '0.1.0' ],
88 silly audit   'word-wrap': [ '1.2.5' ],
88 silly audit   wrappy: [ '1.0.2' ],
88 silly audit   write: [ '1.0.3' ],
88 silly audit   xhr: [ '2.4.0' ],
88 silly audit   xml2js: [ '0.6.2' ],
88 silly audit   xmlbuilder: [ '11.0.1' ],
88 silly audit   xmlhttprequest: [ '1.5.0' ],
88 silly audit   xtend: [ '4.0.2' ],
88 silly audit   'yocto-queue': [ '0.1.0' ],
88 silly audit   yorkie: [ '2.0.0' ]
88 silly audit }
89 timing reify:unpack Completed in 2ms
90 timing reify:unretire Completed in 0ms
91 timing build:queue Completed in 0ms
92 timing build:deps Completed in 0ms
93 timing build Completed in 0ms
94 timing reify:build Completed in 1ms
95 http fetch POST 404 https://registry.npmmirror.com/-/npm/v1/security/advisories/bulk 58ms
96 silly audit bulk request failed [object Object]
97 http fetch POST 404 https://registry.npmmirror.com/-/npm/v1/security/audits/quick 115ms
98 verbose audit error HttpErrorGeneral: 404 Not Found - POST https://registry.npmmirror.com/-/npm/v1/security/audits/quick - [NOT_IMPLEMENTED] /-/npm/v1/security/* not implemented yet
98 verbose audit error     at /Users/lukaijie/.nvm/versions/node/v16.16.0/lib/node_modules/npm/node_modules/npm-registry-fetch/lib/check-response.js:93:15
98 verbose audit error     at processTicksAndRejections (node:internal/process/task_queues:96:5)
98 verbose audit error     at async Map.[getReport] (/Users/lukaijie/.nvm/versions/node/v16.16.0/lib/node_modules/npm/node_modules/@npmcli/arborist/lib/audit-report.js:333:21)
98 verbose audit error     at async Map.run (/Users/lukaijie/.nvm/versions/node/v16.16.0/lib/node_modules/npm/node_modules/@npmcli/arborist/lib/audit-report.js:106:19) {
98 verbose audit error   headers: [Object: null prototype] {
98 verbose audit error     server: [ 'Tengine' ],
98 verbose audit error     date: [ 'Mon, 02 Jun 2025 13:30:59 GMT' ],
98 verbose audit error     'content-type': [ 'application/json' ],
98 verbose audit error     'transfer-encoding': [ 'chunked' ],
98 verbose audit error     connection: [ 'keep-alive' ],
98 verbose audit error     'strict-transport-security': [ 'max-age=5184000' ],
98 verbose audit error     via: [ 'kunlun2.cn5135[,404666]' ],
98 verbose audit error     'timing-allow-origin': [ '*' ],
98 verbose audit error     eagleid: [ '7587869617488710590733641e' ],
98 verbose audit error     'x-fetch-attempts': [ '1' ]
98 verbose audit error   },
98 verbose audit error   statusCode: 404,
98 verbose audit error   code: 'E404',
98 verbose audit error   method: 'POST',
98 verbose audit error   uri: 'https://registry.npmmirror.com/-/npm/v1/security/audits/quick',
98 verbose audit error   body: {
98 verbose audit error     error: '[NOT_IMPLEMENTED] /-/npm/v1/security/* not implemented yet'
98 verbose audit error   },
98 verbose audit error   pkgid: undefined
98 verbose audit error }
99 silly audit error [object Object]
100 timing auditReport:getReport Completed in 406ms
101 silly audit report null
102 timing reify:audit Completed in 406ms
103 timing reify:trash Completed in 446ms
104 timing reify:save Completed in 254ms
105 timing reify Completed in 2548ms
106 silly REMOVE node_modules/lucide-vue
107 timing command:uninstall Completed in 2571ms
108 verbose exit 0
109 timing npm Completed in 2668ms
110 info ok
